

================================================================
== Vivado HLS Report for 'StreamingDataWidthCo'
================================================================
* Date:           Tue Jul  7 16:28:11 2020

* Version:        2018.3 (Build 2405991 on Thu Dec 06 23:56:15 MST 2018)
* Project:        CIFAR10
* Solution:       sol1
* Product family: zynq
* Target device:  xc7z020clg400-1


================================================================
== Performance Estimates
================================================================
+ Timing (ns): 
    * Summary: 
    +--------+-------+----------+------------+
    |  Clock | Target| Estimated| Uncertainty|
    +--------+-------+----------+------------+
    |ap_clk  |   5.00|     4.375|        0.62|
    +--------+-------+----------+------------+

+ Latency (clock cycles): 
    * Summary: 
    +-----+-----+-----+-----+---------+
    |  Latency  |  Interval | Pipeline|
    | min | max | min | max |   Type  |
    +-----+-----+-----+-----+---------+
    |   18|   18|   18|   18|   none  |
    +-----+-----+-----+-----+---------+

    + Detail: 
        * Instance: 
        N/A

        * Loop: 
        +----------+-----+-----+----------+-----------+-----------+------+----------+
        |          |  Latency  | Iteration|  Initiation Interval  | Trip |          |
        | Loop Name| min | max |  Latency |  achieved |   target  | Count| Pipelined|
        +----------+-----+-----+----------+-----------+-----------+------+----------+
        |- Loop 1  |   16|   16|         2|          1|          1|    16|    yes   |
        +----------+-----+-----+----------+-----------+-----------+------+----------+



================================================================
== Utilization Estimates
================================================================
* Summary: 
+-----------------+---------+-------+--------+-------+
|       Name      | BRAM_18K| DSP48E|   FF   |  LUT  |
+-----------------+---------+-------+--------+-------+
|DSP              |        -|      -|       -|      -|
|Expression       |        -|      -|       0|     36|
|FIFO             |        -|      -|       -|      -|
|Instance         |        -|      -|       -|      -|
|Memory           |        -|      -|       -|      -|
|Multiplexer      |        -|      -|       -|     72|
|Register         |        -|      -|      12|      -|
+-----------------+---------+-------+--------+-------+
|Total            |        0|      0|      12|    108|
+-----------------+---------+-------+--------+-------+
|Available        |      280|    220|  106400|  53200|
+-----------------+---------+-------+--------+-------+
|Utilization (%)  |        0|      0|   ~0   |   ~0  |
+-----------------+---------+-------+--------+-------+

+ Detail: 
    * Instance: 
    N/A

    * DSP48: 
    N/A

    * Memory: 
    N/A

    * FIFO: 
    N/A

    * Expression: 
    +----------------------------------+----------+-------+---+----+------------+------------+
    |           Variable Name          | Operation| DSP48E| FF| LUT| Bitwidth P0| Bitwidth P1|
    +----------------------------------+----------+-------+---+----+------------+------------+
    |i_5_fu_71_p2                      |     +    |      0|  0|  15|           5|           1|
    |ap_block_pp0_stage0_01001         |    and   |      0|  0|   2|           1|           1|
    |exitcond_fu_65_p2                 |   icmp   |      0|  0|  11|           5|           6|
    |ap_block_state1                   |    or    |      0|  0|   2|           1|           1|
    |ap_block_state3_pp0_stage0_iter1  |    or    |      0|  0|   2|           1|           1|
    |ap_enable_pp0                     |    xor   |      0|  0|   2|           1|           2|
    |ap_enable_reg_pp0_iter1           |    xor   |      0|  0|   2|           2|           1|
    +----------------------------------+----------+-------+---+----+------------+------------+
    |Total                             |          |      0|  0|  36|          16|          13|
    +----------------------------------+----------+-------+---+----+------------+------------+

    * Multiplexer: 
    +-------------------------+----+-----------+-----+-----------+
    |           Name          | LUT| Input Size| Bits| Total Bits|
    +-------------------------+----+-----------+-----+-----------+
    |ap_NS_fsm                |  21|          4|    1|          4|
    |ap_done                  |   9|          2|    1|          2|
    |ap_enable_reg_pp0_iter1  |  15|          3|    1|          3|
    |i_reg_54                 |   9|          2|    5|         10|
    |in_V_V_blk_n             |   9|          2|    1|          2|
    |out_V_V_blk_n            |   9|          2|    1|          2|
    +-------------------------+----+-----------+-----+-----------+
    |Total                    |  72|         15|   10|         23|
    +-------------------------+----+-----------+-----+-----------+

    * Register: 
    +-------------------------+---+----+-----+-----------+
    |           Name          | FF| LUT| Bits| Const Bits|
    +-------------------------+---+----+-----+-----------+
    |ap_CS_fsm                |  3|   0|    3|          0|
    |ap_done_reg              |  1|   0|    1|          0|
    |ap_enable_reg_pp0_iter0  |  1|   0|    1|          0|
    |ap_enable_reg_pp0_iter1  |  1|   0|    1|          0|
    |exitcond_reg_77          |  1|   0|    1|          0|
    |i_reg_54                 |  5|   0|    5|          0|
    +-------------------------+---+----+-----+-----------+
    |Total                    | 12|   0|   12|          0|
    +-------------------------+---+----+-----+-----------+



================================================================
== Interface
================================================================
* Summary: 
+----------------+-----+-----+------------+----------------------+--------------+
|    RTL Ports   | Dir | Bits|  Protocol  |     Source Object    |    C Type    |
+----------------+-----+-----+------------+----------------------+--------------+
|ap_clk          |  in |    1| ap_ctrl_hs | StreamingDataWidthCo | return value |
|ap_rst          |  in |    1| ap_ctrl_hs | StreamingDataWidthCo | return value |
|ap_start        |  in |    1| ap_ctrl_hs | StreamingDataWidthCo | return value |
|ap_done         | out |    1| ap_ctrl_hs | StreamingDataWidthCo | return value |
|ap_continue     |  in |    1| ap_ctrl_hs | StreamingDataWidthCo | return value |
|ap_idle         | out |    1| ap_ctrl_hs | StreamingDataWidthCo | return value |
|ap_ready        | out |    1| ap_ctrl_hs | StreamingDataWidthCo | return value |
|in_V_V_dout     |  in |   64|   ap_fifo  |        in_V_V        |    pointer   |
|in_V_V_empty_n  |  in |    1|   ap_fifo  |        in_V_V        |    pointer   |
|in_V_V_read     | out |    1|   ap_fifo  |        in_V_V        |    pointer   |
|out_V_V_din     | out |   64|   ap_fifo  |        out_V_V       |    pointer   |
|out_V_V_full_n  |  in |    1|   ap_fifo  |        out_V_V       |    pointer   |
|out_V_V_write   | out |    1|   ap_fifo  |        out_V_V       |    pointer   |
+----------------+-----+-----+------------+----------------------+--------------+

============================================================
+ Verbose Summary: Synthesis Manager
============================================================
InlineROM: 1
ExposeGlobal: 0
============================================================
+ Verbose Summary: CDFG Model
============================================================
IsTopModel: 0
ResetActiveHigh: 1
IsCombinational: 2
IsDatapathOnly: 0
HasWiredReturn: 1
HasMFsm: 0
HasVarLatency: 1
IsPipeline: 0
IsRtlPipelined: 0
IsInstanceOverlapped: 0
IsDontTouch: 0
HasImplIP: 0
IsGatedGlobalClock: 0

+ Individual pipeline summary: 
  * Pipeline-0: initiation interval (II) = 1, depth = 2


============================================================
+ Verbose Summary: Schedule
============================================================
* Number of FSM states : 4
* Pipeline : 1
  Pipeline-0 : II = 1, D = 2, States = { 2 3 }
* Dataflow Pipeline: 0

* FSM state transitions: 
1 --> 
	2  / true
2 --> 
	4  / (exitcond)
	3  / (!exitcond)
3 --> 
	2  / true
4 --> 

* FSM state operations: 

State 1 <SV = 0> <Delay = 1.76>
ST_1 : Operation 5 [1/1] (0.00ns)   --->   "call void (...)* @_ssdm_op_SpecInterface(i64* %out_V_V, [8 x i8]* @ap_fifo_str, i32 0, i32 0, [1 x i8]* @p_str, i32 0, i32 0, [1 x i8]* @p_str, [1 x i8]* @p_str, [1 x i8]* @p_str, i32 2, i32 2, i32 16, i32 16, [1 x i8]* @p_str, [1 x i8]* @p_str)"   --->   Operation 5 'specinterface' <Predicate = true> <Delay = 0.00>
ST_1 : Operation 6 [1/1] (0.00ns)   --->   "call void (...)* @_ssdm_op_SpecInterface(i64* %in_V_V, [8 x i8]* @ap_fifo_str, i32 0, i32 0, [1 x i8]* @p_str, i32 0, i32 0, [1 x i8]* @p_str, [1 x i8]* @p_str, [1 x i8]* @p_str, i32 2, i32 2, i32 16, i32 16, [1 x i8]* @p_str, [1 x i8]* @p_str)"   --->   Operation 6 'specinterface' <Predicate = true> <Delay = 0.00>
ST_1 : Operation 7 [1/1] (1.76ns)   --->   "br label %1" [/home/yangyuan/下载/ReBNet/bnn/src/library/hls/streamtools.h:122]   --->   Operation 7 'br' <Predicate = true> <Delay = 1.76>

State 2 <SV = 1> <Delay = 1.78>
ST_2 : Operation 8 [1/1] (0.00ns)   --->   "%i = phi i5 [ 0, %0 ], [ %i_5, %2 ]"   --->   Operation 8 'phi' 'i' <Predicate = true> <Delay = 0.00>
ST_2 : Operation 9 [1/1] (1.36ns)   --->   "%exitcond = icmp eq i5 %i, -16" [/home/yangyuan/下载/ReBNet/bnn/src/library/hls/streamtools.h:122]   --->   Operation 9 'icmp' 'exitcond' <Predicate = true> <Delay = 1.36> <Core = "Cmp">   --->   Core 25 'Cmp' <Latency = 0> <II = 1> <Delay = 1.42> <FuncUnit> <Opcode : 'icmp'> <InPorts = 2> <OutPorts = 1>
ST_2 : Operation 10 [1/1] (0.00ns)   --->   "%empty = call i32 (...)* @_ssdm_op_SpecLoopTripCount(i64 16, i64 16, i64 16)"   --->   Operation 10 'speclooptripcount' 'empty' <Predicate = true> <Delay = 0.00>
ST_2 : Operation 11 [1/1] (1.78ns)   --->   "%i_5 = add i5 %i, 1" [/home/yangyuan/下载/ReBNet/bnn/src/library/hls/streamtools.h:122]   --->   Operation 11 'add' 'i_5' <Predicate = true> <Delay = 1.78> <Core = "AddSub">   --->   Core 14 'AddSub' <Latency = 0> <II = 1> <Delay = 1.78> <FuncUnit> <Opcode : 'add' 'sub'> <InPorts = 2> <OutPorts = 1>
ST_2 : Operation 12 [1/1] (0.00ns)   --->   "br i1 %exitcond, label %3, label %2" [/home/yangyuan/下载/ReBNet/bnn/src/library/hls/streamtools.h:122]   --->   Operation 12 'br' <Predicate = true> <Delay = 0.00>

State 3 <SV = 2> <Delay = 4.37>
ST_3 : Operation 13 [1/1] (0.00ns)   --->   "%tmp = call i32 (...)* @_ssdm_op_SpecRegionBegin([14 x i8]* @p_str67)" [/home/yangyuan/下载/ReBNet/bnn/src/library/hls/streamtools.h:122]   --->   Operation 13 'specregionbegin' 'tmp' <Predicate = (!exitcond)> <Delay = 0.00>
ST_3 : Operation 14 [1/1] (0.00ns)   --->   "call void (...)* @_ssdm_op_SpecPipeline(i32 1, i32 1, i32 1, i32 0, [1 x i8]* @p_str) nounwind" [/home/yangyuan/下载/ReBNet/bnn/src/library/hls/streamtools.h:123]   --->   Operation 14 'specpipeline' <Predicate = (!exitcond)> <Delay = 0.00>
ST_3 : Operation 15 [1/1] (2.18ns)   --->   "%tmp_V = call i64 @_ssdm_op_Read.ap_fifo.volatile.i64P(i64* %in_V_V)" [/home/yangyuan/下载/ReBNet/bnn/src/library/hls/streamtools.h:124]   --->   Operation 15 'read' 'tmp_V' <Predicate = (!exitcond)> <Delay = 2.18> <Core = "FIFO_SRL">   --->   Core 36 'FIFO_SRL' <Latency = 0> <II = 1> <Delay = 3.63> <Storage> <Opcode : 'read' 'write' 'nbread' 'nbwrite'> <Ports = 0> <Width = 61> <Depth = 0> <FIFO>
ST_3 : Operation 16 [1/1] (2.18ns)   --->   "call void @_ssdm_op_Write.ap_fifo.volatile.i64P(i64* %out_V_V, i64 %tmp_V)" [/home/yangyuan/下载/ReBNet/bnn/src/library/hls/streamtools.h:125]   --->   Operation 16 'write' <Predicate = (!exitcond)> <Delay = 2.18> <Core = "FIFO_SRL">   --->   Core 36 'FIFO_SRL' <Latency = 0> <II = 1> <Delay = 3.63> <Storage> <Opcode : 'read' 'write' 'nbread' 'nbwrite'> <Ports = 0> <Width = 61> <Depth = 0> <FIFO>
ST_3 : Operation 17 [1/1] (0.00ns)   --->   "%empty_1190 = call i32 (...)* @_ssdm_op_SpecRegionEnd([14 x i8]* @p_str67, i32 %tmp)" [/home/yangyuan/下载/ReBNet/bnn/src/library/hls/streamtools.h:126]   --->   Operation 17 'specregionend' 'empty_1190' <Predicate = (!exitcond)> <Delay = 0.00>
ST_3 : Operation 18 [1/1] (0.00ns)   --->   "br label %1" [/home/yangyuan/下载/ReBNet/bnn/src/library/hls/streamtools.h:122]   --->   Operation 18 'br' <Predicate = (!exitcond)> <Delay = 0.00>

State 4 <SV = 2> <Delay = 0.00>
ST_4 : Operation 19 [1/1] (0.00ns)   --->   "ret void" [/home/yangyuan/下载/ReBNet/bnn/src/library/hls/streamtools.h:150]   --->   Operation 19 'ret' <Predicate = true> <Delay = 0.00>


============================================================
+ Verbose Summary: Binding
============================================================
STG Binding: 
---------------- STG Properties BEGIN ----------------
- Is combinational: 0
- Is one-state seq: 0
- Is datapath-only: 0
- Is pipelined: 0
- Is top level: 0
Port [ Return ] is wired: 1; IO mode=ap_ctrl_hs:ce=0
Port [ in_V_V]:  wired=1; compound=1; hidden=0; nouse=0; global=0; static=0; extern=0; dir=0; type=3; pingpong=0; private_global=0; IO mode=ap_fifo:ce=0
Port [ out_V_V]:  wired=1; compound=1; hidden=0; nouse=0; global=0; static=0; extern=0; dir=1; type=3; pingpong=0; private_global=0; IO mode=ap_fifo:ce=0
---------------- STG Properties END ------------------

---------------- Datapath Model BEGIN ----------------

<LifeTime>
<method=bitvector/>
StgValue_5  (specinterface    ) [ 00000]
StgValue_6  (specinterface    ) [ 00000]
StgValue_7  (br               ) [ 01110]
i           (phi              ) [ 00100]
exitcond    (icmp             ) [ 00110]
empty       (speclooptripcount) [ 00000]
i_5         (add              ) [ 01110]
StgValue_12 (br               ) [ 00000]
tmp         (specregionbegin  ) [ 00000]
StgValue_14 (specpipeline     ) [ 00000]
tmp_V       (read             ) [ 00000]
StgValue_16 (write            ) [ 00000]
empty_1190  (specregionend    ) [ 00000]
StgValue_18 (br               ) [ 01110]
StgValue_19 (ret              ) [ 00000]
</LifeTime>

<model>

<comp_list>
<comp id="0" class="1000" name="in_V_V">
<pin_list>
<pin id="1" dir="1" index="0" bw="1" slack="0"/>
</pin_list>
<bind>
<StgValue><ssdm name="in_V_V"/></StgValue>
</bind>
</comp>

<comp id="2" class="1000" name="out_V_V">
<pin_list>
<pin id="3" dir="1" index="0" bw="1" slack="0"/>
</pin_list>
<bind>
<StgValue><ssdm name="out_V_V"/></StgValue>
</bind>
</comp>

<comp id="4" class="1001" name="const_4">
<pin_list>
<pin id="5" dir="1" index="0" bw="1" slack="2147483647"/>
</pin_list>
<bind>
<StgValue><ssdm name="_ssdm_op_SpecInterface"/></StgValue>
</bind>
</comp>

<comp id="6" class="1001" name="const_6">
<pin_list>
<pin id="7" dir="1" index="0" bw="1" slack="2147483647"/>
</pin_list>
<bind>
<StgValue><ssdm name="ap_fifo_str"/></StgValue>
</bind>
</comp>

<comp id="8" class="1001" name="const_8">
<pin_list>
<pin id="9" dir="1" index="0" bw="1" slack="2147483647"/>
</pin_list>
<bind>
<StgValue><ssdm name=""/></StgValue>
</bind>
</comp>

<comp id="10" class="1001" name="const_10">
<pin_list>
<pin id="11" dir="1" index="0" bw="1" slack="2147483647"/>
</pin_list>
<bind>
<StgValue><ssdm name="p_str"/></StgValue>
</bind>
</comp>

<comp id="12" class="1001" name="const_12">
<pin_list>
<pin id="13" dir="1" index="0" bw="1" slack="2147483647"/>
</pin_list>
<bind>
<StgValue><ssdm name=""/></StgValue>
</bind>
</comp>

<comp id="14" class="1001" name="const_14">
<pin_list>
<pin id="15" dir="1" index="0" bw="1" slack="2147483647"/>
</pin_list>
<bind>
<StgValue><ssdm name=""/></StgValue>
</bind>
</comp>

<comp id="16" class="1001" name="const_16">
<pin_list>
<pin id="17" dir="1" index="0" bw="1" slack="1"/>
</pin_list>
<bind>
<StgValue><ssdm name=""/></StgValue>
</bind>
</comp>

<comp id="18" class="1001" name="const_18">
<pin_list>
<pin id="19" dir="1" index="0" bw="1" slack="0"/>
</pin_list>
<bind>
<StgValue><ssdm name=""/></StgValue>
</bind>
</comp>

<comp id="20" class="1001" name="const_20">
<pin_list>
<pin id="21" dir="1" index="0" bw="1" slack="2147483647"/>
</pin_list>
<bind>
<StgValue><ssdm name="_ssdm_op_SpecLoopTripCount"/></StgValue>
</bind>
</comp>

<comp id="22" class="1001" name="const_22">
<pin_list>
<pin id="23" dir="1" index="0" bw="1" slack="2147483647"/>
</pin_list>
<bind>
<StgValue><ssdm name=""/></StgValue>
</bind>
</comp>

<comp id="24" class="1001" name="const_24">
<pin_list>
<pin id="25" dir="1" index="0" bw="1" slack="0"/>
</pin_list>
<bind>
<StgValue><ssdm name=""/></StgValue>
</bind>
</comp>

<comp id="26" class="1001" name="const_26">
<pin_list>
<pin id="27" dir="1" index="0" bw="1" slack="2147483647"/>
</pin_list>
<bind>
<StgValue><ssdm name="_ssdm_op_SpecRegionBegin"/></StgValue>
</bind>
</comp>

<comp id="28" class="1001" name="const_28">
<pin_list>
<pin id="29" dir="1" index="0" bw="1" slack="2147483647"/>
</pin_list>
<bind>
<StgValue><ssdm name="p_str67"/></StgValue>
</bind>
</comp>

<comp id="30" class="1001" name="const_30">
<pin_list>
<pin id="31" dir="1" index="0" bw="1" slack="2147483647"/>
</pin_list>
<bind>
<StgValue><ssdm name="_ssdm_op_SpecPipeline"/></StgValue>
</bind>
</comp>

<comp id="32" class="1001" name="const_32">
<pin_list>
<pin id="33" dir="1" index="0" bw="1" slack="2147483647"/>
</pin_list>
<bind>
<StgValue><ssdm name=""/></StgValue>
</bind>
</comp>

<comp id="34" class="1001" name="const_34">
<pin_list>
<pin id="35" dir="1" index="0" bw="1" slack="0"/>
</pin_list>
<bind>
<StgValue><ssdm name="_ssdm_op_Read.ap_fifo.volatile.i64P"/></StgValue>
</bind>
</comp>

<comp id="36" class="1001" name="const_36">
<pin_list>
<pin id="37" dir="1" index="0" bw="1" slack="0"/>
</pin_list>
<bind>
<StgValue><ssdm name="_ssdm_op_Write.ap_fifo.volatile.i64P"/></StgValue>
</bind>
</comp>

<comp id="38" class="1001" name="const_38">
<pin_list>
<pin id="39" dir="1" index="0" bw="1" slack="2147483647"/>
</pin_list>
<bind>
<StgValue><ssdm name="_ssdm_op_SpecRegionEnd"/></StgValue>
</bind>
</comp>

<comp id="40" class="1004" name="tmp_V_read_fu_40">
<pin_list>
<pin id="41" dir="0" index="0" bw="64" slack="0"/>
<pin id="42" dir="0" index="1" bw="64" slack="0"/>
<pin id="43" dir="1" index="2" bw="64" slack="0"/>
</pin_list>
<bind>
<opcode="read(1150) " fcode="read"/>
<opset="tmp_V/3 "/>
</bind>
</comp>

<comp id="46" class="1004" name="StgValue_16_write_fu_46">
<pin_list>
<pin id="47" dir="0" index="0" bw="0" slack="0"/>
<pin id="48" dir="0" index="1" bw="64" slack="0"/>
<pin id="49" dir="0" index="2" bw="64" slack="0"/>
<pin id="50" dir="1" index="3" bw="0" slack="2147483647"/>
</pin_list>
<bind>
<opcode="write(1151) " fcode="write"/>
<opset="StgValue_16/3 "/>
</bind>
</comp>

<comp id="54" class="1005" name="i_reg_54">
<pin_list>
<pin id="55" dir="0" index="0" bw="5" slack="1"/>
<pin id="56" dir="1" index="1" bw="5" slack="1"/>
</pin_list>
<bind>
<opset="i (phireg) "/>
</bind>
</comp>

<comp id="58" class="1004" name="i_phi_fu_58">
<pin_list>
<pin id="59" dir="0" index="0" bw="1" slack="1"/>
<pin id="60" dir="0" index="1" bw="0" slack="2147483647"/>
<pin id="61" dir="0" index="2" bw="5" slack="0"/>
<pin id="62" dir="0" index="3" bw="0" slack="2147483647"/>
<pin id="63" dir="1" index="4" bw="5" slack="0"/>
</pin_list>
<bind>
<opcode="phi(47) " fcode="phi"/>
<opset="i/2 "/>
</bind>
</comp>

<comp id="65" class="1004" name="exitcond_fu_65">
<pin_list>
<pin id="66" dir="0" index="0" bw="5" slack="0"/>
<pin id="67" dir="0" index="1" bw="5" slack="0"/>
<pin id="68" dir="1" index="2" bw="1" slack="1"/>
</pin_list>
<bind>
<opcode="icmp(45) " fcode="icmp"/>
<opset="exitcond/2 "/>
</bind>
</comp>

<comp id="71" class="1004" name="i_5_fu_71">
<pin_list>
<pin id="72" dir="0" index="0" bw="5" slack="0"/>
<pin id="73" dir="0" index="1" bw="1" slack="0"/>
<pin id="74" dir="1" index="2" bw="5" slack="0"/>
</pin_list>
<bind>
<opcode="add(8) " fcode="add"/>
<opset="i_5/2 "/>
</bind>
</comp>

<comp id="77" class="1005" name="exitcond_reg_77">
<pin_list>
<pin id="78" dir="0" index="0" bw="1" slack="1"/>
<pin id="79" dir="1" index="1" bw="1" slack="2147483647"/>
</pin_list>
<bind>
<opset="exitcond "/>
</bind>
</comp>

<comp id="81" class="1005" name="i_5_reg_81">
<pin_list>
<pin id="82" dir="0" index="0" bw="5" slack="0"/>
<pin id="83" dir="1" index="1" bw="5" slack="0"/>
</pin_list>
<bind>
<opset="i_5 "/>
</bind>
</comp>

</comp_list>

<net_list>
<net id="44"><net_src comp="34" pin="0"/><net_sink comp="40" pin=0"/></net>

<net id="45"><net_src comp="0" pin="0"/><net_sink comp="40" pin=1"/></net>

<net id="51"><net_src comp="36" pin="0"/><net_sink comp="46" pin=0"/></net>

<net id="52"><net_src comp="2" pin="0"/><net_sink comp="46" pin=1"/></net>

<net id="53"><net_src comp="40" pin="2"/><net_sink comp="46" pin=2"/></net>

<net id="57"><net_src comp="16" pin="0"/><net_sink comp="54" pin=0"/></net>

<net id="64"><net_src comp="54" pin="1"/><net_sink comp="58" pin=0"/></net>

<net id="69"><net_src comp="58" pin="4"/><net_sink comp="65" pin=0"/></net>

<net id="70"><net_src comp="18" pin="0"/><net_sink comp="65" pin=1"/></net>

<net id="75"><net_src comp="58" pin="4"/><net_sink comp="71" pin=0"/></net>

<net id="76"><net_src comp="24" pin="0"/><net_sink comp="71" pin=1"/></net>

<net id="80"><net_src comp="65" pin="2"/><net_sink comp="77" pin=0"/></net>

<net id="84"><net_src comp="71" pin="2"/><net_sink comp="81" pin=0"/></net>

<net id="85"><net_src comp="81" pin="1"/><net_sink comp="58" pin=2"/></net>

</net_list>

</model> 
---------------- Datapath Model END ------------------

* FSMD analyzer results:
  - Output states:
	Port: out_V_V | {3 }
 - Input state : 
	Port: StreamingDataWidthCo : in_V_V | {3 }
  - Chain level:
	State 1
	State 2
		exitcond : 1
		i_5 : 1
		StgValue_12 : 2
	State 3
		empty_1190 : 1
	State 4


============================================================
+ Verbose Summary: Datapath Resource usage 
============================================================

* Functional unit list:
|----------|-------------------------|---------|---------|
| Operation|     Functional Unit     |    FF   |   LUT   |
|----------|-------------------------|---------|---------|
|    add   |        i_5_fu_71        |    0    |    15   |
|----------|-------------------------|---------|---------|
|   icmp   |      exitcond_fu_65     |    0    |    11   |
|----------|-------------------------|---------|---------|
|   read   |     tmp_V_read_fu_40    |    0    |    0    |
|----------|-------------------------|---------|---------|
|   write  | StgValue_16_write_fu_46 |    0    |    0    |
|----------|-------------------------|---------|---------|
|   Total  |                         |    0    |    26   |
|----------|-------------------------|---------|---------|

Memories:
N/A

* Register list:
+---------------+--------+
|               |   FF   |
+---------------+--------+
|exitcond_reg_77|    1   |
|   i_5_reg_81  |    5   |
|    i_reg_54   |    5   |
+---------------+--------+
|     Total     |   11   |
+---------------+--------+

* Multiplexer (MUX) list: 
|--------|------|------|------|--------|
|  Comp  |  Pin | Size |  BW  | S x BW |
|--------|------|------|------|--------|
|  Total |      |      |      |    0   |
|--------|------|------|------|--------|



* Summary:
+-----------+--------+--------+
|           |   FF   |   LUT  |
+-----------+--------+--------+
|  Function |    0   |   26   |
|   Memory  |    -   |    -   |
|Multiplexer|    -   |    -   |
|  Register |   11   |    -   |
+-----------+--------+--------+
|   Total   |   11   |   26   |
+-----------+--------+--------+
