

================================================================
== Vivado HLS Report for 'StreamingConvolution'
================================================================
* Date:           Tue Jul  7 16:23:46 2020

* Version:        2018.3 (Build 2405991 on Thu Dec 06 23:56:15 MST 2018)
* Project:        CIFAR10
* Solution:       sol1
* Product family: zynq
* Target device:  xc7z020clg400-1


================================================================
== Performance Estimates
================================================================
+ Timing (ns): 
    * Summary: 
    +--------+-------+----------+------------+
    |  Clock | Target| Estimated| Uncertainty|
    +--------+-------+----------+------------+
    |ap_clk  |   5.00|     6.981|        0.62|
    +--------+-------+----------+------------+

+ Latency (clock cycles): 
    * Summary: 
    +-------+-------+-------+-------+---------+
    |    Latency    |    Interval   | Pipeline|
    |  min  |  max  |  min  |  max  |   Type  |
    +-------+-------+-------+-------+---------+
    |  14296|  14296|  14296|  14296|   none  |
    +-------+-------+-------+-------+---------+

    + Detail: 
        * Instance: 
        N/A

        * Loop: 
        +----------+-------+-------+----------+-----------+-----------+------+----------+
        |          |    Latency    | Iteration|  Initiation Interval  | Trip |          |
        | Loop Name|  min  |  max  |  Latency |  achieved |   target  | Count| Pipelined|
        +----------+-------+-------+----------+-----------+-----------+------+----------+
        |- Loop 1  |  14294|  14294|         5|          2|          1|  7146|    yes   |
        +----------+-------+-------+----------+-----------+-----------+------+----------+

============================================================
+ Verbose Summary: Synthesis Manager
============================================================
InlineROM: 1
ExposeGlobal: 0
============================================================
+ Verbose Summary: CDFG Model
============================================================
IsTopModel: 0
ResetActiveHigh: 1
IsCombinational: 2
IsDatapathOnly: 0
HasWiredReturn: 1
HasMFsm: 0
HasVarLatency: 1
IsPipeline: 0
IsRtlPipelined: 0
IsInstanceOverlapped: 0
IsDontTouch: 0
HasImplIP: 0
IsGatedGlobalClock: 0

+ Individual pipeline summary: 
  * Pipeline-0: initiation interval (II) = 2, depth = 5


============================================================
+ Verbose Summary: Schedule
============================================================
* Number of FSM states : 7
* Pipeline : 1
  Pipeline-0 : II = 2, D = 5, States = { 2 3 4 5 6 }
* Dataflow Pipeline: 0

* FSM state transitions: 
1 --> 
	2  / true
2 --> 
	7  / (tmp)
	3  / (!tmp)
3 --> 
	4  / true
4 --> 
	5  / true
5 --> 
	6  / true
6 --> 
	2  / true
7 --> 

* FSM state operations: 

State 1 <SV = 0> <Delay = 1.81>
ST_1 : Operation 8 [1/1] (0.00ns)   --->   "%ofm_y_1 = alloca i32"   --->   Operation 8 'alloca' 'ofm_y_1' <Predicate = true> <Delay = 0.00>
ST_1 : Operation 9 [1/1] (0.00ns)   --->   "%ofm_x_1 = alloca i32"   --->   Operation 9 'alloca' 'ofm_x_1' <Predicate = true> <Delay = 0.00>
ST_1 : Operation 10 [1/1] (0.00ns)   --->   "%k_y_1 = alloca i32"   --->   Operation 10 'alloca' 'k_y_1' <Predicate = true> <Delay = 0.00>
ST_1 : Operation 11 [1/1] (0.00ns)   --->   "%inp_s = alloca i32"   --->   Operation 11 'alloca' 'inp_s' <Predicate = true> <Delay = 0.00>
ST_1 : Operation 12 [1/1] (0.00ns)   --->   "%k_x_1 = alloca i32"   --->   Operation 12 'alloca' 'k_x_1' <Predicate = true> <Delay = 0.00>
ST_1 : Operation 13 [1/1] (0.00ns)   --->   "%read_block_1 = alloca i32"   --->   Operation 13 'alloca' 'read_block_1' <Predicate = true> <Delay = 0.00>
ST_1 : Operation 14 [1/1] (0.00ns)   --->   "%current_block_write_s = alloca i32"   --->   Operation 14 'alloca' 'current_block_write_s' <Predicate = true> <Delay = 0.00>
ST_1 : Operation 15 [1/1] (0.00ns)   --->   "%current_line_1 = alloca i32"   --->   Operation 15 'alloca' 'current_line_1' <Predicate = true> <Delay = 0.00>
ST_1 : Operation 16 [1/1] (0.00ns)   --->   "%counter_internal_blo = alloca i32"   --->   Operation 16 'alloca' 'counter_internal_blo' <Predicate = true> <Delay = 0.00>
ST_1 : Operation 17 [1/1] (0.00ns)   --->   "call void (...)* @_ssdm_op_SpecInterface(i64* %in_V_V, [8 x i8]* @ap_fifo_str, i32 0, i32 0, [1 x i8]* @p_str, i32 0, i32 0, [1 x i8]* @p_str, [1 x i8]* @p_str, [1 x i8]* @p_str, i32 2, i32 2, i32 16, i32 16, [1 x i8]* @p_str, [1 x i8]* @p_str)"   --->   Operation 17 'specinterface' <Predicate = true> <Delay = 0.00>
ST_1 : Operation 18 [1/1] (0.00ns)   --->   "call void (...)* @_ssdm_op_SpecInterface(i64* %out_V_V, [8 x i8]* @ap_fifo_str, i32 0, i32 0, [1 x i8]* @p_str, i32 0, i32 0, [1 x i8]* @p_str, [1 x i8]* @p_str, [1 x i8]* @p_str, i32 2, i32 2, i32 16, i32 16, [1 x i8]* @p_str, [1 x i8]* @p_str)"   --->   Operation 18 'specinterface' <Predicate = true> <Delay = 0.00>
ST_1 : Operation 19 [1/1] (0.00ns)   --->   "%inputBuf_0_0_V = alloca [30 x i64], align 8" [/home/yangyuan/下载/ReBNet/bnn/src/library/hls/slidingwindow.h:56]   --->   Operation 19 'alloca' 'inputBuf_0_0_V' <Predicate = true> <Delay = 0.00> <Core = "RAM_2P">   --->   Core 40 'RAM_2P' <Latency = 1> <II = 1> <Delay = 2.32> <Storage> <Opcode : 'load' 'store'> <Ports = 2> <Width = 64> <Depth = 30> <RAM>
ST_1 : Operation 20 [1/1] (0.00ns)   --->   "%inputBuf_0_1_V = alloca [30 x i64], align 8" [/home/yangyuan/下载/ReBNet/bnn/src/library/hls/slidingwindow.h:56]   --->   Operation 20 'alloca' 'inputBuf_0_1_V' <Predicate = true> <Delay = 0.00> <Core = "RAM_2P">   --->   Core 40 'RAM_2P' <Latency = 1> <II = 1> <Delay = 2.32> <Storage> <Opcode : 'load' 'store'> <Ports = 2> <Width = 64> <Depth = 30> <RAM>
ST_1 : Operation 21 [1/1] (0.00ns)   --->   "%inputBuf_1_0_V = alloca [30 x i64], align 8" [/home/yangyuan/下载/ReBNet/bnn/src/library/hls/slidingwindow.h:56]   --->   Operation 21 'alloca' 'inputBuf_1_0_V' <Predicate = true> <Delay = 0.00> <Core = "RAM_2P">   --->   Core 40 'RAM_2P' <Latency = 1> <II = 1> <Delay = 2.32> <Storage> <Opcode : 'load' 'store'> <Ports = 2> <Width = 64> <Depth = 30> <RAM>
ST_1 : Operation 22 [1/1] (0.00ns)   --->   "%inputBuf_1_1_V = alloca [30 x i64], align 8" [/home/yangyuan/下载/ReBNet/bnn/src/library/hls/slidingwindow.h:56]   --->   Operation 22 'alloca' 'inputBuf_1_1_V' <Predicate = true> <Delay = 0.00> <Core = "RAM_2P">   --->   Core 40 'RAM_2P' <Latency = 1> <II = 1> <Delay = 2.32> <Storage> <Opcode : 'load' 'store'> <Ports = 2> <Width = 64> <Depth = 30> <RAM>
ST_1 : Operation 23 [1/1] (0.00ns)   --->   "%inputBuf_2_0_V = alloca [30 x i64], align 8" [/home/yangyuan/下载/ReBNet/bnn/src/library/hls/slidingwindow.h:56]   --->   Operation 23 'alloca' 'inputBuf_2_0_V' <Predicate = true> <Delay = 0.00> <Core = "RAM_2P">   --->   Core 40 'RAM_2P' <Latency = 1> <II = 1> <Delay = 2.32> <Storage> <Opcode : 'load' 'store'> <Ports = 2> <Width = 64> <Depth = 30> <RAM>
ST_1 : Operation 24 [1/1] (0.00ns)   --->   "%inputBuf_2_1_V = alloca [30 x i64], align 8" [/home/yangyuan/下载/ReBNet/bnn/src/library/hls/slidingwindow.h:56]   --->   Operation 24 'alloca' 'inputBuf_2_1_V' <Predicate = true> <Delay = 0.00> <Core = "RAM_2P">   --->   Core 40 'RAM_2P' <Latency = 1> <II = 1> <Delay = 2.32> <Storage> <Opcode : 'load' 'store'> <Ports = 2> <Width = 64> <Depth = 30> <RAM>
ST_1 : Operation 25 [1/1] (0.00ns)   --->   "%inputBuf_3_0_V = alloca [30 x i64], align 8" [/home/yangyuan/下载/ReBNet/bnn/src/library/hls/slidingwindow.h:56]   --->   Operation 25 'alloca' 'inputBuf_3_0_V' <Predicate = true> <Delay = 0.00> <Core = "RAM_2P">   --->   Core 40 'RAM_2P' <Latency = 1> <II = 1> <Delay = 2.32> <Storage> <Opcode : 'load' 'store'> <Ports = 2> <Width = 64> <Depth = 30> <RAM>
ST_1 : Operation 26 [1/1] (0.00ns)   --->   "%inputBuf_3_1_V = alloca [30 x i64], align 8" [/home/yangyuan/下载/ReBNet/bnn/src/library/hls/slidingwindow.h:56]   --->   Operation 26 'alloca' 'inputBuf_3_1_V' <Predicate = true> <Delay = 0.00> <Core = "RAM_2P">   --->   Core 40 'RAM_2P' <Latency = 1> <II = 1> <Delay = 2.32> <Storage> <Opcode : 'load' 'store'> <Ports = 2> <Width = 64> <Depth = 30> <RAM>
ST_1 : Operation 27 [1/1] (0.00ns)   --->   "call void (...)* @_ssdm_op_SpecMemCore([30 x i64]* %inputBuf_0_0_V, [30 x i64]* %inputBuf_0_1_V, [30 x i64]* %inputBuf_1_0_V, [30 x i64]* %inputBuf_1_1_V, [30 x i64]* %inputBuf_2_0_V, [30 x i64]* %inputBuf_2_1_V, [30 x i64]* %inputBuf_3_0_V, [30 x i64]* %inputBuf_3_1_V, [1 x i8]* @p_str, [7 x i8]* @p_str108, [1 x i8]* @p_str, i32 -1, [1 x i8]* @p_str, [1 x i8]* @p_str, [1 x i8]* @p_str, [1 x i8]* @p_str, [1 x i8]* @p_str)" [/home/yangyuan/下载/ReBNet/bnn/src/library/hls/slidingwindow.h:59]   --->   Operation 27 'specmemcore' <Predicate = true> <Delay = 0.00>
ST_1 : Operation 28 [1/1] (1.76ns)   --->   "store i32 0, i32* %counter_internal_blo"   --->   Operation 28 'store' <Predicate = true> <Delay = 1.76>
ST_1 : Operation 29 [1/1] (1.81ns)   --->   "store i32 0, i32* %current_line_1"   --->   Operation 29 'store' <Predicate = true> <Delay = 1.81>
ST_1 : Operation 30 [1/1] (1.81ns)   --->   "store i32 0, i32* %current_block_write_s"   --->   Operation 30 'store' <Predicate = true> <Delay = 1.81>
ST_1 : Operation 31 [1/1] (1.81ns)   --->   "store i32 0, i32* %read_block_1"   --->   Operation 31 'store' <Predicate = true> <Delay = 1.81>
ST_1 : Operation 32 [1/1] (1.76ns)   --->   "store i32 0, i32* %k_x_1"   --->   Operation 32 'store' <Predicate = true> <Delay = 1.76>
ST_1 : Operation 33 [1/1] (1.81ns)   --->   "store i32 0, i32* %inp_s"   --->   Operation 33 'store' <Predicate = true> <Delay = 1.81>
ST_1 : Operation 34 [1/1] (1.76ns)   --->   "store i32 0, i32* %k_y_1"   --->   Operation 34 'store' <Predicate = true> <Delay = 1.76>
ST_1 : Operation 35 [1/1] (1.76ns)   --->   "store i32 0, i32* %ofm_x_1"   --->   Operation 35 'store' <Predicate = true> <Delay = 1.76>
ST_1 : Operation 36 [1/1] (1.76ns)   --->   "store i32 0, i32* %ofm_y_1"   --->   Operation 36 'store' <Predicate = true> <Delay = 1.76>
ST_1 : Operation 37 [1/1] (1.76ns)   --->   "br label %.preheader42.0" [/home/yangyuan/下载/ReBNet/bnn/src/library/hls/slidingwindow.h:73]   --->   Operation 37 'br' <Predicate = true> <Delay = 1.76>

State 2 <SV = 1> <Delay = 6.98>
ST_2 : Operation 38 [1/1] (0.00ns)   --->   "%i = phi i13 [ %i_s, %._crit_edge.0 ], [ 0, %.preheader42.preheader.0 ]" [/home/yangyuan/下载/ReBNet/bnn/src/library/hls/slidingwindow.h:73]   --->   Operation 38 'phi' 'i' <Predicate = true> <Delay = 0.00>
ST_2 : Operation 39 [1/1] (2.09ns)   --->   "%tmp = icmp eq i13 %i, -1046" [/home/yangyuan/下载/ReBNet/bnn/src/library/hls/slidingwindow.h:73]   --->   Operation 39 'icmp' 'tmp' <Predicate = true> <Delay = 2.09> <Core = "Cmp">   --->   Core 25 'Cmp' <Latency = 0> <II = 1> <Delay = 2.47> <FuncUnit> <Opcode : 'icmp'> <InPorts = 2> <OutPorts = 1>
ST_2 : Operation 40 [1/1] (0.00ns)   --->   "%empty = call i32 (...)* @_ssdm_op_SpecLoopTripCount(i64 7146, i64 7146, i64 7146)"   --->   Operation 40 'speclooptripcount' 'empty' <Predicate = true> <Delay = 0.00>
ST_2 : Operation 41 [1/1] (1.67ns)   --->   "%i_s = add i13 %i, 1" [/home/yangyuan/下载/ReBNet/bnn/src/library/hls/slidingwindow.h:73]   --->   Operation 41 'add' 'i_s' <Predicate = true> <Delay = 1.67> <Core = "AddSub">   --->   Core 14 'AddSub' <Latency = 0> <II = 1> <Delay = 2.55> <FuncUnit> <Opcode : 'add' 'sub'> <InPorts = 2> <OutPorts = 1>
ST_2 : Operation 42 [1/1] (0.00ns)   --->   "br i1 %tmp, label %8, label %0" [/home/yangyuan/下载/ReBNet/bnn/src/library/hls/slidingwindow.h:73]   --->   Operation 42 'br' <Predicate = true> <Delay = 0.00>
ST_2 : Operation 43 [1/1] (0.00ns)   --->   "%inp_load_1 = load i32* %inp_s" [/home/yangyuan/下载/ReBNet/bnn/src/library/hls/slidingwindow.h:75]   --->   Operation 43 'load' 'inp_load_1' <Predicate = (!tmp)> <Delay = 0.00>
ST_2 : Operation 44 [1/1] (0.00ns)   --->   "%tmp_138 = call i32 (...)* @_ssdm_op_SpecRegionBegin([13 x i8]* @p_str191)" [/home/yangyuan/下载/ReBNet/bnn/src/library/hls/slidingwindow.h:73]   --->   Operation 44 'specregionbegin' 'tmp_138' <Predicate = (!tmp)> <Delay = 0.00>
ST_2 : Operation 45 [1/1] (0.00ns)   --->   "call void (...)* @_ssdm_op_SpecPipeline(i32 1, i32 1, i32 1, i32 0, [1 x i8]* @p_str) nounwind" [/home/yangyuan/下载/ReBNet/bnn/src/library/hls/slidingwindow.h:74]   --->   Operation 45 'specpipeline' <Predicate = (!tmp)> <Delay = 0.00>
ST_2 : Operation 46 [1/1] (2.47ns)   --->   "%tmp_s = icmp ult i32 %inp_load_1, 90" [/home/yangyuan/下载/ReBNet/bnn/src/library/hls/slidingwindow.h:75]   --->   Operation 46 'icmp' 'tmp_s' <Predicate = (!tmp)> <Delay = 2.47> <Core = "Cmp">   --->   Core 25 'Cmp' <Latency = 0> <II = 1> <Delay = 2.47> <FuncUnit> <Opcode : 'icmp'> <InPorts = 2> <OutPorts = 1>
ST_2 : Operation 47 [1/1] (0.00ns)   --->   "br i1 %tmp_s, label %.preheader41.preheader.0, label %2" [/home/yangyuan/下载/ReBNet/bnn/src/library/hls/slidingwindow.h:75]   --->   Operation 47 'br' <Predicate = (!tmp)> <Delay = 0.00>
ST_2 : Operation 48 [1/1] (0.00ns)   --->   "%counter_internal_blo_21 = load i32* %counter_internal_blo" [/home/yangyuan/下载/ReBNet/bnn/src/library/hls/slidingwindow.h:97]   --->   Operation 48 'load' 'counter_internal_blo_21' <Predicate = (!tmp & !tmp_s)> <Delay = 0.00>
ST_2 : Operation 49 [1/1] (2.47ns)   --->   "%tmp_140 = icmp ult i32 %counter_internal_blo_21, 251" [/home/yangyuan/下载/ReBNet/bnn/src/library/hls/slidingwindow.h:97]   --->   Operation 49 'icmp' 'tmp_140' <Predicate = (!tmp & !tmp_s)> <Delay = 2.47> <Core = "Cmp">   --->   Core 25 'Cmp' <Latency = 0> <II = 1> <Delay = 2.47> <FuncUnit> <Opcode : 'icmp'> <InPorts = 2> <OutPorts = 1>
ST_2 : Operation 50 [1/1] (0.00ns)   --->   "br i1 %tmp_140, label %3, label %._crit_edge43.0" [/home/yangyuan/下载/ReBNet/bnn/src/library/hls/slidingwindow.h:97]   --->   Operation 50 'br' <Predicate = (!tmp & !tmp_s)> <Delay = 0.00>
ST_2 : Operation 51 [1/1] (0.00ns)   --->   "%ofm_x_1_load_6 = load i32* %ofm_x_1" [/home/yangyuan/下载/ReBNet/bnn/src/library/hls/slidingwindow.h:102]   --->   Operation 51 'load' 'ofm_x_1_load_6' <Predicate = (!tmp & !tmp_s & tmp_140)> <Delay = 0.00>
ST_2 : Operation 52 [1/1] (0.00ns)   --->   "%k_y_1_load = load i32* %k_y_1" [/home/yangyuan/下载/ReBNet/bnn/src/library/hls/slidingwindow.h:99]   --->   Operation 52 'load' 'k_y_1_load' <Predicate = (!tmp & !tmp_s & tmp_140)> <Delay = 0.00>
ST_2 : Operation 53 [1/1] (0.00ns)   --->   "%k_x_1_load = load i32* %k_x_1" [/home/yangyuan/下载/ReBNet/bnn/src/library/hls/slidingwindow.h:108]   --->   Operation 53 'load' 'k_x_1_load' <Predicate = (!tmp & !tmp_s & tmp_140)> <Delay = 0.00>
ST_2 : Operation 54 [1/1] (0.00ns)   --->   "%tmp_1382 = trunc i32 %k_y_1_load to i2" [/home/yangyuan/下载/ReBNet/bnn/src/library/hls/slidingwindow.h:99]   --->   Operation 54 'trunc' 'tmp_1382' <Predicate = (!tmp & !tmp_s & tmp_140)> <Delay = 0.00>
ST_2 : Operation 55 [1/1] (2.55ns)   --->   "%k_y_2 = add i32 1, %k_y_1_load" [/home/yangyuan/下载/ReBNet/bnn/src/library/hls/slidingwindow.h:99]   --->   Operation 55 'add' 'k_y_2' <Predicate = (!tmp & !tmp_s & tmp_140)> <Delay = 2.55> <Core = "AddSub">   --->   Core 14 'AddSub' <Latency = 0> <II = 1> <Delay = 2.55> <FuncUnit> <Opcode : 'add' 'sub'> <InPorts = 2> <OutPorts = 1>
ST_2 : Operation 56 [1/1] (2.55ns)   --->   "%current_line_in_bloc = add i32 %ofm_x_1_load_6, %k_x_1_load" [/home/yangyuan/下载/ReBNet/bnn/src/library/hls/slidingwindow.h:102]   --->   Operation 56 'add' 'current_line_in_bloc' <Predicate = (!tmp & !tmp_s & tmp_140)> <Delay = 2.55> <Core = "AddSub">   --->   Core 14 'AddSub' <Latency = 0> <II = 1> <Delay = 2.55> <FuncUnit> <Opcode : 'add' 'sub'> <InPorts = 2> <OutPorts = 1>
ST_2 : Operation 57 [1/1] (2.55ns)   --->   "%k_x_2 = add i32 1, %k_x_1_load" [/home/yangyuan/下载/ReBNet/bnn/src/library/hls/slidingwindow.h:108]   --->   Operation 57 'add' 'k_x_2' <Predicate = (!tmp & !tmp_s & tmp_140)> <Delay = 2.55> <Core = "AddSub">   --->   Core 14 'AddSub' <Latency = 0> <II = 1> <Delay = 2.55> <FuncUnit> <Opcode : 'add' 'sub'> <InPorts = 2> <OutPorts = 1>
ST_2 : Operation 58 [1/1] (2.47ns)   --->   "%tmp_145 = icmp eq i32 %k_x_2, 3" [/home/yangyuan/下载/ReBNet/bnn/src/library/hls/slidingwindow.h:109]   --->   Operation 58 'icmp' 'tmp_145' <Predicate = (!tmp & !tmp_s & tmp_140)> <Delay = 2.47> <Core = "Cmp">   --->   Core 25 'Cmp' <Latency = 0> <II = 1> <Delay = 2.47> <FuncUnit> <Opcode : 'icmp'> <InPorts = 2> <OutPorts = 1>
ST_2 : Operation 59 [1/1] (0.00ns)   --->   "br i1 %tmp_145, label %4, label %.._crit_edge43.0_crit_edge154" [/home/yangyuan/下载/ReBNet/bnn/src/library/hls/slidingwindow.h:109]   --->   Operation 59 'br' <Predicate = (!tmp & !tmp_s & tmp_140)> <Delay = 0.00>
ST_2 : Operation 60 [1/1] (1.76ns)   --->   "store i32 %k_x_2, i32* %k_x_1" [/home/yangyuan/下载/ReBNet/bnn/src/library/hls/slidingwindow.h:108]   --->   Operation 60 'store' <Predicate = (!tmp & !tmp_s & tmp_140 & !tmp_145)> <Delay = 1.76>
ST_2 : Operation 61 [1/1] (0.00ns)   --->   "br label %._crit_edge43.0" [/home/yangyuan/下载/ReBNet/bnn/src/library/hls/slidingwindow.h:109]   --->   Operation 61 'br' <Predicate = (!tmp & !tmp_s & tmp_140 & !tmp_145)> <Delay = 0.00>
ST_2 : Operation 62 [1/1] (2.47ns)   --->   "%tmp_147 = icmp eq i32 %k_y_2, 3" [/home/yangyuan/下载/ReBNet/bnn/src/library/hls/slidingwindow.h:112]   --->   Operation 62 'icmp' 'tmp_147' <Predicate = (!tmp & !tmp_s & tmp_140 & tmp_145)> <Delay = 2.47> <Core = "Cmp">   --->   Core 25 'Cmp' <Latency = 0> <II = 1> <Delay = 2.47> <FuncUnit> <Opcode : 'icmp'> <InPorts = 2> <OutPorts = 1>
ST_2 : Operation 63 [1/1] (0.00ns)   --->   "br i1 %tmp_147, label %5, label %.._crit_edge43.0_crit_edge153" [/home/yangyuan/下载/ReBNet/bnn/src/library/hls/slidingwindow.h:112]   --->   Operation 63 'br' <Predicate = (!tmp & !tmp_s & tmp_140 & tmp_145)> <Delay = 0.00>
ST_2 : Operation 64 [1/1] (1.76ns)   --->   "store i32 0, i32* %k_x_1"   --->   Operation 64 'store' <Predicate = (!tmp & !tmp_s & tmp_140 & tmp_145 & !tmp_147)> <Delay = 1.76>
ST_2 : Operation 65 [1/1] (1.76ns)   --->   "store i32 %k_y_2, i32* %k_y_1" [/home/yangyuan/下载/ReBNet/bnn/src/library/hls/slidingwindow.h:99]   --->   Operation 65 'store' <Predicate = (!tmp & !tmp_s & tmp_140 & tmp_145 & !tmp_147)> <Delay = 1.76>
ST_2 : Operation 66 [1/1] (0.00ns)   --->   "br label %._crit_edge43.0" [/home/yangyuan/下载/ReBNet/bnn/src/library/hls/slidingwindow.h:112]   --->   Operation 66 'br' <Predicate = (!tmp & !tmp_s & tmp_140 & tmp_145 & !tmp_147)> <Delay = 0.00>
ST_2 : Operation 67 [1/1] (0.00ns)   --->   "%ofm_x_1_load = load i32* %ofm_x_1" [/home/yangyuan/下载/ReBNet/bnn/src/library/hls/slidingwindow.h:114]   --->   Operation 67 'load' 'ofm_x_1_load' <Predicate = (!tmp & !tmp_s & tmp_140 & tmp_145 & tmp_147)> <Delay = 0.00>
ST_2 : Operation 68 [1/1] (2.55ns)   --->   "%ofm_x_2 = add i32 %ofm_x_1_load, 1" [/home/yangyuan/下载/ReBNet/bnn/src/library/hls/slidingwindow.h:114]   --->   Operation 68 'add' 'ofm_x_2' <Predicate = (!tmp & !tmp_s & tmp_140 & tmp_145 & tmp_147)> <Delay = 2.55> <Core = "AddSub">   --->   Core 14 'AddSub' <Latency = 0> <II = 1> <Delay = 2.55> <FuncUnit> <Opcode : 'add' 'sub'> <InPorts = 2> <OutPorts = 1>
ST_2 : Operation 69 [1/1] (2.47ns)   --->   "%tmp_149 = icmp eq i32 %ofm_x_2, 28" [/home/yangyuan/下载/ReBNet/bnn/src/library/hls/slidingwindow.h:115]   --->   Operation 69 'icmp' 'tmp_149' <Predicate = (!tmp & !tmp_s & tmp_140 & tmp_145 & tmp_147)> <Delay = 2.47> <Core = "Cmp">   --->   Core 25 'Cmp' <Latency = 0> <II = 1> <Delay = 2.47> <FuncUnit> <Opcode : 'icmp'> <InPorts = 2> <OutPorts = 1>
ST_2 : Operation 70 [1/1] (1.76ns)   --->   "store i32 0, i32* %k_y_1"   --->   Operation 70 'store' <Predicate = (!tmp & !tmp_s & tmp_140 & tmp_145 & tmp_147)> <Delay = 1.76>
ST_2 : Operation 71 [1/1] (0.00ns)   --->   "br i1 %tmp_149, label %6, label %.._crit_edge43.0_crit_edge" [/home/yangyuan/下载/ReBNet/bnn/src/library/hls/slidingwindow.h:115]   --->   Operation 71 'br' <Predicate = (!tmp & !tmp_s & tmp_140 & tmp_145 & tmp_147)> <Delay = 0.00>
ST_2 : Operation 72 [1/1] (1.76ns)   --->   "store i32 0, i32* %k_x_1"   --->   Operation 72 'store' <Predicate = (!tmp & !tmp_s & tmp_140 & tmp_145 & tmp_147 & !tmp_149)> <Delay = 1.76>
ST_2 : Operation 73 [1/1] (1.76ns)   --->   "store i32 %ofm_x_2, i32* %ofm_x_1" [/home/yangyuan/下载/ReBNet/bnn/src/library/hls/slidingwindow.h:114]   --->   Operation 73 'store' <Predicate = (!tmp & !tmp_s & tmp_140 & tmp_145 & tmp_147 & !tmp_149)> <Delay = 1.76>
ST_2 : Operation 74 [1/1] (0.00ns)   --->   "br label %._crit_edge43.0" [/home/yangyuan/下载/ReBNet/bnn/src/library/hls/slidingwindow.h:115]   --->   Operation 74 'br' <Predicate = (!tmp & !tmp_s & tmp_140 & tmp_145 & tmp_147 & !tmp_149)> <Delay = 0.00>
ST_2 : Operation 75 [1/1] (0.00ns)   --->   "%ofm_y_1_load = load i32* %ofm_y_1" [/home/yangyuan/下载/ReBNet/bnn/src/library/hls/slidingwindow.h:117]   --->   Operation 75 'load' 'ofm_y_1_load' <Predicate = (!tmp & !tmp_s & tmp_140 & tmp_145 & tmp_147 & tmp_149)> <Delay = 0.00>
ST_2 : Operation 76 [1/1] (2.55ns)   --->   "%ofm_y_2 = add i32 %ofm_y_1_load, 1" [/home/yangyuan/下载/ReBNet/bnn/src/library/hls/slidingwindow.h:117]   --->   Operation 76 'add' 'ofm_y_2' <Predicate = (!tmp & !tmp_s & tmp_140 & tmp_145 & tmp_147 & tmp_149)> <Delay = 2.55> <Core = "AddSub">   --->   Core 14 'AddSub' <Latency = 0> <II = 1> <Delay = 2.55> <FuncUnit> <Opcode : 'add' 'sub'> <InPorts = 2> <OutPorts = 1>
ST_2 : Operation 77 [1/1] (2.47ns)   --->   "%tmp_150 = icmp eq i32 %ofm_y_2, 28" [/home/yangyuan/下载/ReBNet/bnn/src/library/hls/slidingwindow.h:118]   --->   Operation 77 'icmp' 'tmp_150' <Predicate = (!tmp & !tmp_s & tmp_140 & tmp_145 & tmp_147 & tmp_149)> <Delay = 2.47> <Core = "Cmp">   --->   Core 25 'Cmp' <Latency = 0> <II = 1> <Delay = 2.47> <FuncUnit> <Opcode : 'icmp'> <InPorts = 2> <OutPorts = 1>
ST_2 : Operation 78 [1/1] (1.76ns)   --->   "store i32 0, i32* %k_x_1"   --->   Operation 78 'store' <Predicate = (!tmp & !tmp_s & tmp_140 & tmp_145 & tmp_147 & tmp_149)> <Delay = 1.76>
ST_2 : Operation 79 [1/1] (1.76ns)   --->   "store i32 0, i32* %ofm_x_1"   --->   Operation 79 'store' <Predicate = (!tmp & !tmp_s & tmp_140 & tmp_145 & tmp_147 & tmp_149)> <Delay = 1.76>
ST_2 : Operation 80 [1/1] (0.00ns)   --->   "%read_block_1_load_11 = load i32* %read_block_1" [/home/yangyuan/下载/ReBNet/bnn/src/library/hls/slidingwindow.h:126]   --->   Operation 80 'load' 'read_block_1_load_11' <Predicate = (!tmp & !tmp_s)> <Delay = 0.00>
ST_2 : Operation 81 [1/1] (0.00ns)   --->   "%counter_internal_blo_20 = load i32* %counter_internal_blo" [/home/yangyuan/下载/ReBNet/bnn/src/library/hls/slidingwindow.h:126]   --->   Operation 81 'load' 'counter_internal_blo_20' <Predicate = (!tmp & !tmp_s)> <Delay = 0.00>
ST_2 : Operation 82 [1/1] (2.47ns)   --->   "%tmp_151 = icmp ult i32 %counter_internal_blo_20, 29" [/home/yangyuan/下载/ReBNet/bnn/src/library/hls/slidingwindow.h:126]   --->   Operation 82 'icmp' 'tmp_151' <Predicate = (!tmp & !tmp_s)> <Delay = 2.47> <Core = "Cmp">   --->   Core 25 'Cmp' <Latency = 0> <II = 1> <Delay = 2.47> <FuncUnit> <Opcode : 'icmp'> <InPorts = 2> <OutPorts = 1>
ST_2 : Operation 83 [1/1] (2.47ns)   --->   "%tmp_152 = icmp ult i32 %read_block_1_load_11, 30" [/home/yangyuan/下载/ReBNet/bnn/src/library/hls/slidingwindow.h:126]   --->   Operation 83 'icmp' 'tmp_152' <Predicate = (!tmp & !tmp_s)> <Delay = 2.47> <Core = "Cmp">   --->   Core 25 'Cmp' <Latency = 0> <II = 1> <Delay = 2.47> <FuncUnit> <Opcode : 'icmp'> <InPorts = 2> <OutPorts = 1>
ST_2 : Operation 84 [1/1] (0.97ns)   --->   "%or_cond = and i1 %tmp_151, %tmp_152" [/home/yangyuan/下载/ReBNet/bnn/src/library/hls/slidingwindow.h:126]   --->   Operation 84 'and' 'or_cond' <Predicate = (!tmp & !tmp_s)> <Delay = 0.97> <Core = "LogicGate">   --->   Core 27 'LogicGate' <Latency = 0> <II = 1> <Delay = 0.97> <FuncUnit> <Opcode : 'and' 'or' 'xor'> <InPorts = 2> <OutPorts = 1>
ST_2 : Operation 85 [1/1] (0.00ns)   --->   "br i1 %or_cond, label %.preheader.preheader.0, label %._crit_edge48.0" [/home/yangyuan/下载/ReBNet/bnn/src/library/hls/slidingwindow.h:126]   --->   Operation 85 'br' <Predicate = (!tmp & !tmp_s)> <Delay = 0.00>
ST_2 : Operation 86 [1/1] (0.00ns)   --->   "%current_line_1_load_18 = load i32* %current_line_1" [/home/yangyuan/下载/ReBNet/bnn/src/library/hls/slidingwindow.h:135]   --->   Operation 86 'load' 'current_line_1_load_18' <Predicate = (!tmp & !tmp_s & or_cond)> <Delay = 0.00>
ST_2 : Operation 87 [1/1] (2.55ns)   --->   "%current_line_3 = add i32 %current_line_1_load_18, 1" [/home/yangyuan/下载/ReBNet/bnn/src/library/hls/slidingwindow.h:135]   --->   Operation 87 'add' 'current_line_3' <Predicate = (!tmp & !tmp_s & or_cond)> <Delay = 2.55> <Core = "AddSub">   --->   Core 14 'AddSub' <Latency = 0> <II = 1> <Delay = 2.55> <FuncUnit> <Opcode : 'add' 'sub'> <InPorts = 2> <OutPorts = 1>
ST_2 : Operation 88 [1/1] (0.00ns)   --->   "%counter_internal_blo_18 = load i32* %counter_internal_blo" [/home/yangyuan/下载/ReBNet/bnn/src/library/hls/slidingwindow.h:146]   --->   Operation 88 'load' 'counter_internal_blo_18' <Predicate = (!tmp & !tmp_s)> <Delay = 0.00>
ST_2 : Operation 89 [1/1] (2.55ns)   --->   "%counter_internal_blo_19 = add i32 %counter_internal_blo_18, 1" [/home/yangyuan/下载/ReBNet/bnn/src/library/hls/slidingwindow.h:146]   --->   Operation 89 'add' 'counter_internal_blo_19' <Predicate = (!tmp & !tmp_s)> <Delay = 2.55> <Core = "AddSub">   --->   Core 14 'AddSub' <Latency = 0> <II = 1> <Delay = 2.55> <FuncUnit> <Opcode : 'add' 'sub'> <InPorts = 2> <OutPorts = 1>
ST_2 : Operation 90 [1/1] (0.00ns)   --->   "%current_line_1_load = load i32* %current_line_1" [/home/yangyuan/下载/ReBNet/bnn/src/library/hls/slidingwindow.h:83]   --->   Operation 90 'load' 'current_line_1_load' <Predicate = (!tmp & tmp_s)> <Delay = 0.00>
ST_2 : Operation 91 [1/1] (2.55ns)   --->   "%current_line_2 = add i32 %current_line_1_load, 1" [/home/yangyuan/下载/ReBNet/bnn/src/library/hls/slidingwindow.h:83]   --->   Operation 91 'add' 'current_line_2' <Predicate = (!tmp & tmp_s)> <Delay = 2.55> <Core = "AddSub">   --->   Core 14 'AddSub' <Latency = 0> <II = 1> <Delay = 2.55> <FuncUnit> <Opcode : 'add' 'sub'> <InPorts = 2> <OutPorts = 1>
ST_2 : Operation 92 [1/1] (0.00ns)   --->   "%empty_1213 = call i32 (...)* @_ssdm_op_SpecRegionEnd([13 x i8]* @p_str191, i32 %tmp_138)" [/home/yangyuan/下载/ReBNet/bnn/src/library/hls/slidingwindow.h:152]   --->   Operation 92 'specregionend' 'empty_1213' <Predicate = (!tmp)> <Delay = 0.00>
ST_2 : Operation 93 [1/1] (0.00ns)   --->   "br label %.preheader42.0" [/home/yangyuan/下载/ReBNet/bnn/src/library/hls/slidingwindow.h:73]   --->   Operation 93 'br' <Predicate = (!tmp)> <Delay = 0.00>

State 3 <SV = 2> <Delay = 4.94>
ST_3 : Operation 94 [1/1] (0.00ns)   --->   "%tmp_144 = zext i32 %current_line_in_bloc to i64" [/home/yangyuan/下载/ReBNet/bnn/src/library/hls/slidingwindow.h:105]   --->   Operation 94 'zext' 'tmp_144' <Predicate = (!tmp & !tmp_s & tmp_140)> <Delay = 0.00>
ST_3 : Operation 95 [1/1] (0.00ns)   --->   "%inputBuf_0_0_V_add_11 = getelementptr [30 x i64]* %inputBuf_0_0_V, i64 0, i64 %tmp_144" [/home/yangyuan/下载/ReBNet/bnn/src/library/hls/slidingwindow.h:105]   --->   Operation 95 'getelementptr' 'inputBuf_0_0_V_add_11' <Predicate = (!tmp & !tmp_s & tmp_140)> <Delay = 0.00>
ST_3 : Operation 96 [2/2] (2.32ns)   --->   "%inputBuf_0_0_V_loa = load i64* %inputBuf_0_0_V_add_11, align 8" [/home/yangyuan/下载/ReBNet/bnn/src/library/hls/slidingwindow.h:105]   --->   Operation 96 'load' 'inputBuf_0_0_V_loa' <Predicate = (!tmp & !tmp_s & tmp_140)> <Delay = 2.32> <Core = "RAM_2P">   --->   Core 40 'RAM_2P' <Latency = 1> <II = 1> <Delay = 2.32> <Storage> <Opcode : 'load' 'store'> <Ports = 2> <Width = 64> <Depth = 30> <RAM>
ST_3 : Operation 97 [1/1] (0.00ns)   --->   "%inputBuf_1_0_V_add_11 = getelementptr [30 x i64]* %inputBuf_1_0_V, i64 0, i64 %tmp_144" [/home/yangyuan/下载/ReBNet/bnn/src/library/hls/slidingwindow.h:105]   --->   Operation 97 'getelementptr' 'inputBuf_1_0_V_add_11' <Predicate = (!tmp & !tmp_s & tmp_140)> <Delay = 0.00>
ST_3 : Operation 98 [2/2] (2.32ns)   --->   "%inputBuf_1_0_V_loa = load i64* %inputBuf_1_0_V_add_11, align 8" [/home/yangyuan/下载/ReBNet/bnn/src/library/hls/slidingwindow.h:105]   --->   Operation 98 'load' 'inputBuf_1_0_V_loa' <Predicate = (!tmp & !tmp_s & tmp_140)> <Delay = 2.32> <Core = "RAM_2P">   --->   Core 40 'RAM_2P' <Latency = 1> <II = 1> <Delay = 2.32> <Storage> <Opcode : 'load' 'store'> <Ports = 2> <Width = 64> <Depth = 30> <RAM>
ST_3 : Operation 99 [1/1] (0.00ns)   --->   "%inputBuf_2_0_V_add_11 = getelementptr [30 x i64]* %inputBuf_2_0_V, i64 0, i64 %tmp_144" [/home/yangyuan/下载/ReBNet/bnn/src/library/hls/slidingwindow.h:105]   --->   Operation 99 'getelementptr' 'inputBuf_2_0_V_add_11' <Predicate = (!tmp & !tmp_s & tmp_140)> <Delay = 0.00>
ST_3 : Operation 100 [2/2] (2.32ns)   --->   "%inputBuf_2_0_V_loa = load i64* %inputBuf_2_0_V_add_11, align 8" [/home/yangyuan/下载/ReBNet/bnn/src/library/hls/slidingwindow.h:105]   --->   Operation 100 'load' 'inputBuf_2_0_V_loa' <Predicate = (!tmp & !tmp_s & tmp_140)> <Delay = 2.32> <Core = "RAM_2P">   --->   Core 40 'RAM_2P' <Latency = 1> <II = 1> <Delay = 2.32> <Storage> <Opcode : 'load' 'store'> <Ports = 2> <Width = 64> <Depth = 30> <RAM>
ST_3 : Operation 101 [1/1] (0.00ns)   --->   "%inputBuf_3_0_V_add_11 = getelementptr [30 x i64]* %inputBuf_3_0_V, i64 0, i64 %tmp_144" [/home/yangyuan/下载/ReBNet/bnn/src/library/hls/slidingwindow.h:105]   --->   Operation 101 'getelementptr' 'inputBuf_3_0_V_add_11' <Predicate = (!tmp & !tmp_s & tmp_140)> <Delay = 0.00>
ST_3 : Operation 102 [2/2] (2.32ns)   --->   "%inputBuf_3_0_V_loa = load i64* %inputBuf_3_0_V_add_11, align 8" [/home/yangyuan/下载/ReBNet/bnn/src/library/hls/slidingwindow.h:105]   --->   Operation 102 'load' 'inputBuf_3_0_V_loa' <Predicate = (!tmp & !tmp_s & tmp_140)> <Delay = 2.32> <Core = "RAM_2P">   --->   Core 40 'RAM_2P' <Latency = 1> <II = 1> <Delay = 2.32> <Storage> <Opcode : 'load' 'store'> <Ports = 2> <Width = 64> <Depth = 30> <RAM>
ST_3 : Operation 103 [1/1] (0.00ns)   --->   "%inp_load_2 = load i32* %inp_s" [/home/yangyuan/下载/ReBNet/bnn/src/library/hls/slidingwindow.h:118]   --->   Operation 103 'load' 'inp_load_2' <Predicate = (!tmp & !tmp_s & tmp_140 & tmp_145 & tmp_147 & tmp_149 & !tmp_150)> <Delay = 0.00>
ST_3 : Operation 104 [1/1] (0.69ns)   --->   "%p_inp_s = select i1 %tmp_150, i32 0, i32 %inp_load_2" [/home/yangyuan/下载/ReBNet/bnn/src/library/hls/slidingwindow.h:118]   --->   Operation 104 'select' 'p_inp_s' <Predicate = (!tmp & !tmp_s & tmp_140 & tmp_145 & tmp_147 & tmp_149)> <Delay = 0.69> <Core = "Sel">   --->   Core 26 'Sel' <Latency = 0> <II = 1> <Delay = 0.69> <FuncUnit> <Opcode : 'select'> <InPorts = 3> <OutPorts = 1>
ST_3 : Operation 105 [1/1] (0.69ns)   --->   "%p_ofm_y_2 = select i1 %tmp_150, i32 0, i32 %ofm_y_2" [/home/yangyuan/下载/ReBNet/bnn/src/library/hls/slidingwindow.h:118]   --->   Operation 105 'select' 'p_ofm_y_2' <Predicate = (!tmp & !tmp_s & tmp_140 & tmp_145 & tmp_147 & tmp_149)> <Delay = 0.69> <Core = "Sel">   --->   Core 26 'Sel' <Latency = 0> <II = 1> <Delay = 0.69> <FuncUnit> <Opcode : 'select'> <InPorts = 3> <OutPorts = 1>
ST_3 : Operation 106 [1/1] (1.81ns)   --->   "store i32 %p_inp_s, i32* %inp_s" [/home/yangyuan/下载/ReBNet/bnn/src/library/hls/slidingwindow.h:118]   --->   Operation 106 'store' <Predicate = (!tmp & !tmp_s & tmp_140 & tmp_145 & tmp_147 & tmp_149)> <Delay = 1.81>
ST_3 : Operation 107 [1/1] (1.76ns)   --->   "store i32 %p_ofm_y_2, i32* %ofm_y_1" [/home/yangyuan/下载/ReBNet/bnn/src/library/hls/slidingwindow.h:118]   --->   Operation 107 'store' <Predicate = (!tmp & !tmp_s & tmp_140 & tmp_145 & tmp_147 & tmp_149)> <Delay = 1.76>
ST_3 : Operation 108 [1/1] (0.00ns)   --->   "br label %._crit_edge43.0" [/home/yangyuan/下载/ReBNet/bnn/src/library/hls/slidingwindow.h:118]   --->   Operation 108 'br' <Predicate = (!tmp & !tmp_s & tmp_140 & tmp_145 & tmp_147 & tmp_149)> <Delay = 0.00>
ST_3 : Operation 109 [1/1] (0.00ns)   --->   "%current_line_1_load_17 = load i32* %current_line_1" [/home/yangyuan/下载/ReBNet/bnn/src/library/hls/slidingwindow.h:132]   --->   Operation 109 'load' 'current_line_1_load_17' <Predicate = (!tmp & !tmp_s & or_cond)> <Delay = 0.00>
ST_3 : Operation 110 [1/1] (2.18ns)   --->   "%tmp_V_52 = call i64 @_ssdm_op_Read.ap_fifo.volatile.i64P(i64* %in_V_V)" [/home/yangyuan/下载/ReBNet/bnn/src/library/hls/slidingwindow.h:131]   --->   Operation 110 'read' 'tmp_V_52' <Predicate = (!tmp & !tmp_s & or_cond)> <Delay = 2.18> <Core = "FIFO_SRL">   --->   Core 36 'FIFO_SRL' <Latency = 0> <II = 1> <Delay = 3.63> <Storage> <Opcode : 'read' 'write' 'nbread' 'nbwrite'> <Ports = 0> <Width = 64> <Depth = 0> <FIFO>
ST_3 : Operation 111 [1/1] (0.00ns)   --->   "%tmp_155 = call i32 (...)* @_ssdm_op_SpecRegionBegin([13 x i8]* @p_str194)" [/home/yangyuan/下载/ReBNet/bnn/src/library/hls/slidingwindow.h:128]   --->   Operation 111 'specregionbegin' 'tmp_155' <Predicate = (!tmp & !tmp_s & or_cond)> <Delay = 0.00>
ST_3 : Operation 112 [1/1] (0.00ns)   --->   "%empty_1215 = call i32 (...)* @_ssdm_op_SpecRegionEnd([13 x i8]* @p_str194, i32 %tmp_155)" [/home/yangyuan/下载/ReBNet/bnn/src/library/hls/slidingwindow.h:134]   --->   Operation 112 'specregionend' 'empty_1215' <Predicate = (!tmp & !tmp_s & or_cond)> <Delay = 0.00>
ST_3 : Operation 113 [1/1] (2.47ns)   --->   "%tmp_156 = icmp eq i32 %current_line_3, 30" [/home/yangyuan/下载/ReBNet/bnn/src/library/hls/slidingwindow.h:136]   --->   Operation 113 'icmp' 'tmp_156' <Predicate = (!tmp & !tmp_s & or_cond)> <Delay = 2.47> <Core = "Cmp">   --->   Core 25 'Cmp' <Latency = 0> <II = 1> <Delay = 2.47> <FuncUnit> <Opcode : 'icmp'> <InPorts = 2> <OutPorts = 1>
ST_3 : Operation 114 [1/1] (0.00ns)   --->   "br i1 %tmp_156, label %7, label %.preheader.preheader.016.._crit_edge48.0_crit_edge" [/home/yangyuan/下载/ReBNet/bnn/src/library/hls/slidingwindow.h:136]   --->   Operation 114 'br' <Predicate = (!tmp & !tmp_s & or_cond)> <Delay = 0.00>
ST_3 : Operation 115 [1/1] (1.81ns)   --->   "store i32 %current_line_3, i32* %current_line_1" [/home/yangyuan/下载/ReBNet/bnn/src/library/hls/slidingwindow.h:135]   --->   Operation 115 'store' <Predicate = (!tmp & !tmp_s & or_cond & !tmp_156)> <Delay = 1.81>
ST_3 : Operation 116 [1/1] (0.00ns)   --->   "br label %._crit_edge48.0" [/home/yangyuan/下载/ReBNet/bnn/src/library/hls/slidingwindow.h:136]   --->   Operation 116 'br' <Predicate = (!tmp & !tmp_s & or_cond & !tmp_156)> <Delay = 0.00>
ST_3 : Operation 117 [1/1] (0.00ns)   --->   "%read_block_1_load_12 = load i32* %read_block_1" [/home/yangyuan/下载/ReBNet/bnn/src/library/hls/slidingwindow.h:139]   --->   Operation 117 'load' 'read_block_1_load_12' <Predicate = (!tmp & !tmp_s & or_cond & tmp_156)> <Delay = 0.00>
ST_3 : Operation 118 [1/1] (0.00ns)   --->   "%current_block_write_29 = load i32* %current_block_write_s" [/home/yangyuan/下载/ReBNet/bnn/src/library/hls/slidingwindow.h:140]   --->   Operation 118 'load' 'current_block_write_29' <Predicate = (!tmp & !tmp_s & or_cond & tmp_156)> <Delay = 0.00>
ST_3 : Operation 119 [1/1] (2.55ns)   --->   "%read_block_2 = add i32 %read_block_1_load_12, 1" [/home/yangyuan/下载/ReBNet/bnn/src/library/hls/slidingwindow.h:139]   --->   Operation 119 'add' 'read_block_2' <Predicate = (!tmp & !tmp_s & or_cond & tmp_156)> <Delay = 2.55> <Core = "AddSub">   --->   Core 14 'AddSub' <Latency = 0> <II = 1> <Delay = 2.55> <FuncUnit> <Opcode : 'add' 'sub'> <InPorts = 2> <OutPorts = 1>
ST_3 : Operation 120 [1/1] (2.55ns)   --->   "%current_block_write_3 = add i32 %current_block_write_29, 1" [/home/yangyuan/下载/ReBNet/bnn/src/library/hls/slidingwindow.h:140]   --->   Operation 120 'add' 'current_block_write_3' <Predicate = (!tmp & !tmp_s & or_cond & tmp_156)> <Delay = 2.55> <Core = "AddSub">   --->   Core 14 'AddSub' <Latency = 0> <II = 1> <Delay = 2.55> <FuncUnit> <Opcode : 'add' 'sub'> <InPorts = 2> <OutPorts = 1>
ST_3 : Operation 121 [1/1] (1.81ns)   --->   "store i32 0, i32* %current_line_1"   --->   Operation 121 'store' <Predicate = (!tmp & !tmp_s & or_cond & tmp_156)> <Delay = 1.81>
ST_3 : Operation 122 [1/1] (1.81ns)   --->   "store i32 %read_block_2, i32* %read_block_1" [/home/yangyuan/下载/ReBNet/bnn/src/library/hls/slidingwindow.h:139]   --->   Operation 122 'store' <Predicate = (!tmp & !tmp_s & or_cond & tmp_156)> <Delay = 1.81>
ST_3 : Operation 123 [1/1] (2.47ns)   --->   "%tmp_159 = icmp eq i32 %counter_internal_blo_19, 251" [/home/yangyuan/下载/ReBNet/bnn/src/library/hls/slidingwindow.h:147]   --->   Operation 123 'icmp' 'tmp_159' <Predicate = (!tmp & !tmp_s)> <Delay = 2.47> <Core = "Cmp">   --->   Core 25 'Cmp' <Latency = 0> <II = 1> <Delay = 2.47> <FuncUnit> <Opcode : 'icmp'> <InPorts = 2> <OutPorts = 1>
ST_3 : Operation 124 [1/1] (0.69ns)   --->   "%p_s = select i1 %tmp_159, i32 0, i32 %counter_internal_blo_19" [/home/yangyuan/下载/ReBNet/bnn/src/library/hls/slidingwindow.h:147]   --->   Operation 124 'select' 'p_s' <Predicate = (!tmp & !tmp_s)> <Delay = 0.69> <Core = "Sel">   --->   Core 26 'Sel' <Latency = 0> <II = 1> <Delay = 0.69> <FuncUnit> <Opcode : 'select'> <InPorts = 3> <OutPorts = 1>
ST_3 : Operation 125 [1/1] (1.76ns)   --->   "store i32 %p_s, i32* %counter_internal_blo" [/home/yangyuan/下载/ReBNet/bnn/src/library/hls/slidingwindow.h:147]   --->   Operation 125 'store' <Predicate = (!tmp & !tmp_s)> <Delay = 1.76>
ST_3 : Operation 126 [1/1] (0.00ns)   --->   "br label %._crit_edge.0"   --->   Operation 126 'br' <Predicate = (!tmp & !tmp_s)> <Delay = 0.00>
ST_3 : Operation 127 [1/1] (0.00ns)   --->   "%current_line_1_load_16 = load i32* %current_line_1" [/home/yangyuan/下载/ReBNet/bnn/src/library/hls/slidingwindow.h:81]   --->   Operation 127 'load' 'current_line_1_load_16' <Predicate = (!tmp & tmp_s)> <Delay = 0.00>
ST_3 : Operation 128 [1/1] (2.18ns)   --->   "%tmp_V = call i64 @_ssdm_op_Read.ap_fifo.volatile.i64P(i64* %in_V_V)" [/home/yangyuan/下载/ReBNet/bnn/src/library/hls/slidingwindow.h:80]   --->   Operation 128 'read' 'tmp_V' <Predicate = (!tmp & tmp_s)> <Delay = 2.18> <Core = "FIFO_SRL">   --->   Core 36 'FIFO_SRL' <Latency = 0> <II = 1> <Delay = 3.63> <Storage> <Opcode : 'read' 'write' 'nbread' 'nbwrite'> <Ports = 0> <Width = 64> <Depth = 0> <FIFO>
ST_3 : Operation 129 [1/1] (0.00ns)   --->   "%inp_load = load i32* %inp_s" [/home/yangyuan/下载/ReBNet/bnn/src/library/hls/slidingwindow.h:84]   --->   Operation 129 'load' 'inp_load' <Predicate = (!tmp & tmp_s)> <Delay = 0.00>
ST_3 : Operation 130 [1/1] (2.55ns)   --->   "%inp_1 = add i32 %inp_load, 1" [/home/yangyuan/下载/ReBNet/bnn/src/library/hls/slidingwindow.h:84]   --->   Operation 130 'add' 'inp_1' <Predicate = (!tmp & tmp_s)> <Delay = 2.55> <Core = "AddSub">   --->   Core 14 'AddSub' <Latency = 0> <II = 1> <Delay = 2.55> <FuncUnit> <Opcode : 'add' 'sub'> <InPorts = 2> <OutPorts = 1>
ST_3 : Operation 131 [1/1] (2.47ns)   --->   "%tmp_146 = icmp eq i32 %current_line_2, 30" [/home/yangyuan/下载/ReBNet/bnn/src/library/hls/slidingwindow.h:85]   --->   Operation 131 'icmp' 'tmp_146' <Predicate = (!tmp & tmp_s)> <Delay = 2.47> <Core = "Cmp">   --->   Core 25 'Cmp' <Latency = 0> <II = 1> <Delay = 2.47> <FuncUnit> <Opcode : 'icmp'> <InPorts = 2> <OutPorts = 1>
ST_3 : Operation 132 [1/1] (1.81ns)   --->   "store i32 %inp_1, i32* %inp_s" [/home/yangyuan/下载/ReBNet/bnn/src/library/hls/slidingwindow.h:84]   --->   Operation 132 'store' <Predicate = (!tmp & tmp_s)> <Delay = 1.81>
ST_3 : Operation 133 [1/1] (0.00ns)   --->   "br i1 %tmp_146, label %1, label %.preheader41.preheader.039.._crit_edge.0_crit_edge" [/home/yangyuan/下载/ReBNet/bnn/src/library/hls/slidingwindow.h:85]   --->   Operation 133 'br' <Predicate = (!tmp & tmp_s)> <Delay = 0.00>
ST_3 : Operation 134 [1/1] (1.81ns)   --->   "store i32 %current_line_2, i32* %current_line_1" [/home/yangyuan/下载/ReBNet/bnn/src/library/hls/slidingwindow.h:83]   --->   Operation 134 'store' <Predicate = (!tmp & tmp_s & !tmp_146)> <Delay = 1.81>
ST_3 : Operation 135 [1/1] (0.00ns)   --->   "br label %._crit_edge.0" [/home/yangyuan/下载/ReBNet/bnn/src/library/hls/slidingwindow.h:85]   --->   Operation 135 'br' <Predicate = (!tmp & tmp_s & !tmp_146)> <Delay = 0.00>
ST_3 : Operation 136 [1/1] (0.00ns)   --->   "%read_block_1_load = load i32* %read_block_1" [/home/yangyuan/下载/ReBNet/bnn/src/library/hls/slidingwindow.h:91]   --->   Operation 136 'load' 'read_block_1_load' <Predicate = (!tmp & tmp_s & tmp_146)> <Delay = 0.00>
ST_3 : Operation 137 [1/1] (0.00ns)   --->   "%current_block_write_26 = load i32* %current_block_write_s" [/home/yangyuan/下载/ReBNet/bnn/src/library/hls/slidingwindow.h:88]   --->   Operation 137 'load' 'current_block_write_26' <Predicate = (!tmp & tmp_s & tmp_146)> <Delay = 0.00>
ST_3 : Operation 138 [1/1] (2.55ns)   --->   "%current_block_write_1 = add i32 %current_block_write_26, 1" [/home/yangyuan/下载/ReBNet/bnn/src/library/hls/slidingwindow.h:88]   --->   Operation 138 'add' 'current_block_write_1' <Predicate = (!tmp & tmp_s & tmp_146)> <Delay = 2.55> <Core = "AddSub">   --->   Core 14 'AddSub' <Latency = 0> <II = 1> <Delay = 2.55> <FuncUnit> <Opcode : 'add' 'sub'> <InPorts = 2> <OutPorts = 1>
ST_3 : Operation 139 [1/1] (2.55ns)   --->   "%read_block = add i32 %read_block_1_load, 1" [/home/yangyuan/下载/ReBNet/bnn/src/library/hls/slidingwindow.h:91]   --->   Operation 139 'add' 'read_block' <Predicate = (!tmp & tmp_s & tmp_146)> <Delay = 2.55> <Core = "AddSub">   --->   Core 14 'AddSub' <Latency = 0> <II = 1> <Delay = 2.55> <FuncUnit> <Opcode : 'add' 'sub'> <InPorts = 2> <OutPorts = 1>
ST_3 : Operation 140 [1/1] (1.76ns)   --->   "store i32 0, i32* %counter_internal_blo"   --->   Operation 140 'store' <Predicate = (!tmp & tmp_s & tmp_146)> <Delay = 1.76>
ST_3 : Operation 141 [1/1] (1.81ns)   --->   "store i32 0, i32* %current_line_1"   --->   Operation 141 'store' <Predicate = (!tmp & tmp_s & tmp_146)> <Delay = 1.81>
ST_3 : Operation 142 [1/1] (1.81ns)   --->   "store i32 %read_block, i32* %read_block_1" [/home/yangyuan/下载/ReBNet/bnn/src/library/hls/slidingwindow.h:91]   --->   Operation 142 'store' <Predicate = (!tmp & tmp_s & tmp_146)> <Delay = 1.81>

State 4 <SV = 3> <Delay = 4.98>
ST_4 : Operation 143 [1/1] (0.00ns)   --->   "%current_block_write_27 = load i32* %current_block_write_s"   --->   Operation 143 'load' 'current_block_write_27' <Predicate = (!tmp_s & tmp_140)> <Delay = 0.00>
ST_4 : Operation 144 [1/1] (0.00ns)   --->   "%tmp_1383 = trunc i32 %current_block_write_27 to i2"   --->   Operation 144 'trunc' 'tmp_1383' <Predicate = (!tmp_s & tmp_140)> <Delay = 0.00>
ST_4 : Operation 145 [1/1] (0.00ns) (grouped into TernaryAdder)   --->   "%tmp1 = add i2 1, %tmp_1383" [/home/yangyuan/下载/ReBNet/bnn/src/library/hls/slidingwindow.h:100]   --->   Operation 145 'add' 'tmp1' <Predicate = (!tmp_s & tmp_140)> <Delay = 0.00> <Core = "TAddSub">   --->   Core 84 'TAddSub' <Latency = 0> <II = 1> <Delay = 1.03> <IPBlock> <Opcode : 'add' 'sub'> <InPorts = 3> <OutPorts = 1> <Sync> <CReg>
ST_4 : Operation 146 [1/1] (2.07ns) (root node of TernaryAdder)   --->   "%tmp_143 = add i2 %tmp1, %tmp_1382" [/home/yangyuan/下载/ReBNet/bnn/src/library/hls/slidingwindow.h:100]   --->   Operation 146 'add' 'tmp_143' <Predicate = (!tmp_s & tmp_140)> <Delay = 2.07> <Core = "TAddSub">   --->   Core 84 'TAddSub' <Latency = 0> <II = 1> <Delay = 1.03> <IPBlock> <Opcode : 'add' 'sub'> <InPorts = 3> <OutPorts = 1> <Sync> <CReg>
ST_4 : Operation 147 [1/2] (2.32ns)   --->   "%inputBuf_0_0_V_loa = load i64* %inputBuf_0_0_V_add_11, align 8" [/home/yangyuan/下载/ReBNet/bnn/src/library/hls/slidingwindow.h:105]   --->   Operation 147 'load' 'inputBuf_0_0_V_loa' <Predicate = (!tmp_s & tmp_140)> <Delay = 2.32> <Core = "RAM_2P">   --->   Core 40 'RAM_2P' <Latency = 1> <II = 1> <Delay = 2.32> <Storage> <Opcode : 'load' 'store'> <Ports = 2> <Width = 64> <Depth = 30> <RAM>
ST_4 : Operation 148 [1/2] (2.32ns)   --->   "%inputBuf_1_0_V_loa = load i64* %inputBuf_1_0_V_add_11, align 8" [/home/yangyuan/下载/ReBNet/bnn/src/library/hls/slidingwindow.h:105]   --->   Operation 148 'load' 'inputBuf_1_0_V_loa' <Predicate = (!tmp_s & tmp_140)> <Delay = 2.32> <Core = "RAM_2P">   --->   Core 40 'RAM_2P' <Latency = 1> <II = 1> <Delay = 2.32> <Storage> <Opcode : 'load' 'store'> <Ports = 2> <Width = 64> <Depth = 30> <RAM>
ST_4 : Operation 149 [1/2] (2.32ns)   --->   "%inputBuf_2_0_V_loa = load i64* %inputBuf_2_0_V_add_11, align 8" [/home/yangyuan/下载/ReBNet/bnn/src/library/hls/slidingwindow.h:105]   --->   Operation 149 'load' 'inputBuf_2_0_V_loa' <Predicate = (!tmp_s & tmp_140)> <Delay = 2.32> <Core = "RAM_2P">   --->   Core 40 'RAM_2P' <Latency = 1> <II = 1> <Delay = 2.32> <Storage> <Opcode : 'load' 'store'> <Ports = 2> <Width = 64> <Depth = 30> <RAM>
ST_4 : Operation 150 [1/2] (2.32ns)   --->   "%inputBuf_3_0_V_loa = load i64* %inputBuf_3_0_V_add_11, align 8" [/home/yangyuan/下载/ReBNet/bnn/src/library/hls/slidingwindow.h:105]   --->   Operation 150 'load' 'inputBuf_3_0_V_loa' <Predicate = (!tmp_s & tmp_140)> <Delay = 2.32> <Core = "RAM_2P">   --->   Core 40 'RAM_2P' <Latency = 1> <II = 1> <Delay = 2.32> <Storage> <Opcode : 'load' 'store'> <Ports = 2> <Width = 64> <Depth = 30> <RAM>
ST_4 : Operation 151 [1/1] (0.00ns)   --->   "%inputBuf_0_1_V_add_11 = getelementptr [30 x i64]* %inputBuf_0_1_V, i64 0, i64 %tmp_144" [/home/yangyuan/下载/ReBNet/bnn/src/library/hls/slidingwindow.h:105]   --->   Operation 151 'getelementptr' 'inputBuf_0_1_V_add_11' <Predicate = (!tmp_s & tmp_140)> <Delay = 0.00>
ST_4 : Operation 152 [2/2] (2.32ns)   --->   "%inputBuf_0_1_V_loa = load i64* %inputBuf_0_1_V_add_11, align 8" [/home/yangyuan/下载/ReBNet/bnn/src/library/hls/slidingwindow.h:105]   --->   Operation 152 'load' 'inputBuf_0_1_V_loa' <Predicate = (!tmp_s & tmp_140)> <Delay = 2.32> <Core = "RAM_2P">   --->   Core 40 'RAM_2P' <Latency = 1> <II = 1> <Delay = 2.32> <Storage> <Opcode : 'load' 'store'> <Ports = 2> <Width = 64> <Depth = 30> <RAM>
ST_4 : Operation 153 [1/1] (0.00ns)   --->   "%inputBuf_1_1_V_add_11 = getelementptr [30 x i64]* %inputBuf_1_1_V, i64 0, i64 %tmp_144" [/home/yangyuan/下载/ReBNet/bnn/src/library/hls/slidingwindow.h:105]   --->   Operation 153 'getelementptr' 'inputBuf_1_1_V_add_11' <Predicate = (!tmp_s & tmp_140)> <Delay = 0.00>
ST_4 : Operation 154 [2/2] (2.32ns)   --->   "%inputBuf_1_1_V_loa = load i64* %inputBuf_1_1_V_add_11, align 8" [/home/yangyuan/下载/ReBNet/bnn/src/library/hls/slidingwindow.h:105]   --->   Operation 154 'load' 'inputBuf_1_1_V_loa' <Predicate = (!tmp_s & tmp_140)> <Delay = 2.32> <Core = "RAM_2P">   --->   Core 40 'RAM_2P' <Latency = 1> <II = 1> <Delay = 2.32> <Storage> <Opcode : 'load' 'store'> <Ports = 2> <Width = 64> <Depth = 30> <RAM>
ST_4 : Operation 155 [1/1] (0.00ns)   --->   "%inputBuf_2_1_V_add_11 = getelementptr [30 x i64]* %inputBuf_2_1_V, i64 0, i64 %tmp_144" [/home/yangyuan/下载/ReBNet/bnn/src/library/hls/slidingwindow.h:105]   --->   Operation 155 'getelementptr' 'inputBuf_2_1_V_add_11' <Predicate = (!tmp_s & tmp_140)> <Delay = 0.00>
ST_4 : Operation 156 [2/2] (2.32ns)   --->   "%inputBuf_2_1_V_loa = load i64* %inputBuf_2_1_V_add_11, align 8" [/home/yangyuan/下载/ReBNet/bnn/src/library/hls/slidingwindow.h:105]   --->   Operation 156 'load' 'inputBuf_2_1_V_loa' <Predicate = (!tmp_s & tmp_140)> <Delay = 2.32> <Core = "RAM_2P">   --->   Core 40 'RAM_2P' <Latency = 1> <II = 1> <Delay = 2.32> <Storage> <Opcode : 'load' 'store'> <Ports = 2> <Width = 64> <Depth = 30> <RAM>
ST_4 : Operation 157 [1/1] (0.00ns)   --->   "%inputBuf_3_1_V_add_11 = getelementptr [30 x i64]* %inputBuf_3_1_V, i64 0, i64 %tmp_144" [/home/yangyuan/下载/ReBNet/bnn/src/library/hls/slidingwindow.h:105]   --->   Operation 157 'getelementptr' 'inputBuf_3_1_V_add_11' <Predicate = (!tmp_s & tmp_140)> <Delay = 0.00>
ST_4 : Operation 158 [2/2] (2.32ns)   --->   "%inputBuf_3_1_V_loa = load i64* %inputBuf_3_1_V_add_11, align 8" [/home/yangyuan/下载/ReBNet/bnn/src/library/hls/slidingwindow.h:105]   --->   Operation 158 'load' 'inputBuf_3_1_V_loa' <Predicate = (!tmp_s & tmp_140)> <Delay = 2.32> <Core = "RAM_2P">   --->   Core 40 'RAM_2P' <Latency = 1> <II = 1> <Delay = 2.32> <Storage> <Opcode : 'load' 'store'> <Ports = 2> <Width = 64> <Depth = 30> <RAM>
ST_4 : Operation 159 [1/1] (0.00ns)   --->   "%current_block_write_28 = load i32* %current_block_write_s" [/home/yangyuan/下载/ReBNet/bnn/src/library/hls/slidingwindow.h:132]   --->   Operation 159 'load' 'current_block_write_28' <Predicate = (!tmp_s & or_cond)> <Delay = 0.00>
ST_4 : Operation 160 [1/1] (0.00ns)   --->   "%tmp_153 = zext i32 %current_line_1_load_17 to i64" [/home/yangyuan/下载/ReBNet/bnn/src/library/hls/slidingwindow.h:132]   --->   Operation 160 'zext' 'tmp_153' <Predicate = (!tmp_s & or_cond)> <Delay = 0.00>
ST_4 : Operation 161 [1/1] (0.00ns)   --->   "%tmp_154 = call i32 (...)* @_ssdm_op_SpecRegionBegin([13 x i8]* @p_str194)" [/home/yangyuan/下载/ReBNet/bnn/src/library/hls/slidingwindow.h:128]   --->   Operation 161 'specregionbegin' 'tmp_154' <Predicate = (!tmp_s & or_cond)> <Delay = 0.00>
ST_4 : Operation 162 [1/1] (0.00ns)   --->   "%tmp_1384 = trunc i32 %current_block_write_28 to i2" [/home/yangyuan/下载/ReBNet/bnn/src/library/hls/slidingwindow.h:132]   --->   Operation 162 'trunc' 'tmp_1384' <Predicate = (!tmp_s & or_cond)> <Delay = 0.00>
ST_4 : Operation 163 [1/1] (0.00ns)   --->   "%inputBuf_0_0_V_add_12 = getelementptr [30 x i64]* %inputBuf_0_0_V, i64 0, i64 %tmp_153" [/home/yangyuan/下载/ReBNet/bnn/src/library/hls/slidingwindow.h:132]   --->   Operation 163 'getelementptr' 'inputBuf_0_0_V_add_12' <Predicate = (!tmp_s & or_cond)> <Delay = 0.00>
ST_4 : Operation 164 [1/1] (0.00ns)   --->   "%inputBuf_1_0_V_add_12 = getelementptr [30 x i64]* %inputBuf_1_0_V, i64 0, i64 %tmp_153" [/home/yangyuan/下载/ReBNet/bnn/src/library/hls/slidingwindow.h:132]   --->   Operation 164 'getelementptr' 'inputBuf_1_0_V_add_12' <Predicate = (!tmp_s & or_cond)> <Delay = 0.00>
ST_4 : Operation 165 [1/1] (0.00ns)   --->   "%inputBuf_2_0_V_add_12 = getelementptr [30 x i64]* %inputBuf_2_0_V, i64 0, i64 %tmp_153" [/home/yangyuan/下载/ReBNet/bnn/src/library/hls/slidingwindow.h:132]   --->   Operation 165 'getelementptr' 'inputBuf_2_0_V_add_12' <Predicate = (!tmp_s & or_cond)> <Delay = 0.00>
ST_4 : Operation 166 [1/1] (0.00ns)   --->   "%inputBuf_3_0_V_add_12 = getelementptr [30 x i64]* %inputBuf_3_0_V, i64 0, i64 %tmp_153" [/home/yangyuan/下载/ReBNet/bnn/src/library/hls/slidingwindow.h:132]   --->   Operation 166 'getelementptr' 'inputBuf_3_0_V_add_12' <Predicate = (!tmp_s & or_cond)> <Delay = 0.00>
ST_4 : Operation 167 [1/1] (0.00ns)   --->   "%empty_1214 = call i32 (...)* @_ssdm_op_SpecRegionEnd([13 x i8]* @p_str194, i32 %tmp_154)" [/home/yangyuan/下载/ReBNet/bnn/src/library/hls/slidingwindow.h:134]   --->   Operation 167 'specregionend' 'empty_1214' <Predicate = (!tmp_s & or_cond)> <Delay = 0.00>
ST_4 : Operation 168 [1/1] (2.18ns)   --->   "%tmp_V_53 = call i64 @_ssdm_op_Read.ap_fifo.volatile.i64P(i64* %in_V_V)" [/home/yangyuan/下载/ReBNet/bnn/src/library/hls/slidingwindow.h:131]   --->   Operation 168 'read' 'tmp_V_53' <Predicate = (!tmp_s & or_cond)> <Delay = 2.18> <Core = "FIFO_SRL">   --->   Core 36 'FIFO_SRL' <Latency = 0> <II = 1> <Delay = 3.63> <Storage> <Opcode : 'read' 'write' 'nbread' 'nbwrite'> <Ports = 0> <Width = 64> <Depth = 0> <FIFO>
ST_4 : Operation 169 [1/1] (0.00ns)   --->   "%inputBuf_0_1_V_add_12 = getelementptr [30 x i64]* %inputBuf_0_1_V, i64 0, i64 %tmp_153" [/home/yangyuan/下载/ReBNet/bnn/src/library/hls/slidingwindow.h:132]   --->   Operation 169 'getelementptr' 'inputBuf_0_1_V_add_12' <Predicate = (!tmp_s & or_cond)> <Delay = 0.00>
ST_4 : Operation 170 [1/1] (0.00ns)   --->   "%inputBuf_1_1_V_add_12 = getelementptr [30 x i64]* %inputBuf_1_1_V, i64 0, i64 %tmp_153" [/home/yangyuan/下载/ReBNet/bnn/src/library/hls/slidingwindow.h:132]   --->   Operation 170 'getelementptr' 'inputBuf_1_1_V_add_12' <Predicate = (!tmp_s & or_cond)> <Delay = 0.00>
ST_4 : Operation 171 [1/1] (0.00ns)   --->   "%inputBuf_2_1_V_add_12 = getelementptr [30 x i64]* %inputBuf_2_1_V, i64 0, i64 %tmp_153" [/home/yangyuan/下载/ReBNet/bnn/src/library/hls/slidingwindow.h:132]   --->   Operation 171 'getelementptr' 'inputBuf_2_1_V_add_12' <Predicate = (!tmp_s & or_cond)> <Delay = 0.00>
ST_4 : Operation 172 [1/1] (0.00ns)   --->   "%inputBuf_3_1_V_add_12 = getelementptr [30 x i64]* %inputBuf_3_1_V, i64 0, i64 %tmp_153" [/home/yangyuan/下载/ReBNet/bnn/src/library/hls/slidingwindow.h:132]   --->   Operation 172 'getelementptr' 'inputBuf_3_1_V_add_12' <Predicate = (!tmp_s & or_cond)> <Delay = 0.00>
ST_4 : Operation 173 [1/1] (1.30ns)   --->   "switch i2 %tmp_1384, label %branch7 [
    i2 0, label %branch4
    i2 1, label %branch5
    i2 -2, label %branch6
  ]" [/home/yangyuan/下载/ReBNet/bnn/src/library/hls/slidingwindow.h:132]   --->   Operation 173 'switch' <Predicate = (!tmp_s & or_cond)> <Delay = 1.30>
ST_4 : Operation 174 [1/1] (2.32ns)   --->   "store i64 %tmp_V_52, i64* %inputBuf_2_0_V_add_12, align 8" [/home/yangyuan/下载/ReBNet/bnn/src/library/hls/slidingwindow.h:132]   --->   Operation 174 'store' <Predicate = (!tmp_s & or_cond & tmp_1384 == 2)> <Delay = 2.32> <Core = "RAM_2P">   --->   Core 40 'RAM_2P' <Latency = 1> <II = 1> <Delay = 2.32> <Storage> <Opcode : 'load' 'store'> <Ports = 2> <Width = 64> <Depth = 30> <RAM>
ST_4 : Operation 175 [1/1] (2.32ns)   --->   "store i64 %tmp_V_52, i64* %inputBuf_1_0_V_add_12, align 8" [/home/yangyuan/下载/ReBNet/bnn/src/library/hls/slidingwindow.h:132]   --->   Operation 175 'store' <Predicate = (!tmp_s & or_cond & tmp_1384 == 1)> <Delay = 2.32> <Core = "RAM_2P">   --->   Core 40 'RAM_2P' <Latency = 1> <II = 1> <Delay = 2.32> <Storage> <Opcode : 'load' 'store'> <Ports = 2> <Width = 64> <Depth = 30> <RAM>
ST_4 : Operation 176 [1/1] (2.32ns)   --->   "store i64 %tmp_V_52, i64* %inputBuf_0_0_V_add_12, align 8" [/home/yangyuan/下载/ReBNet/bnn/src/library/hls/slidingwindow.h:132]   --->   Operation 176 'store' <Predicate = (!tmp_s & or_cond & tmp_1384 == 0)> <Delay = 2.32> <Core = "RAM_2P">   --->   Core 40 'RAM_2P' <Latency = 1> <II = 1> <Delay = 2.32> <Storage> <Opcode : 'load' 'store'> <Ports = 2> <Width = 64> <Depth = 30> <RAM>
ST_4 : Operation 177 [1/1] (2.32ns)   --->   "store i64 %tmp_V_52, i64* %inputBuf_3_0_V_add_12, align 8" [/home/yangyuan/下载/ReBNet/bnn/src/library/hls/slidingwindow.h:132]   --->   Operation 177 'store' <Predicate = (!tmp_s & or_cond & tmp_1384 == 3)> <Delay = 2.32> <Core = "RAM_2P">   --->   Core 40 'RAM_2P' <Latency = 1> <II = 1> <Delay = 2.32> <Storage> <Opcode : 'load' 'store'> <Ports = 2> <Width = 64> <Depth = 30> <RAM>
ST_4 : Operation 178 [1/1] (0.00ns)   --->   "%tmp_157 = call i32 (...)* @_ssdm_op_SpecRegionBegin([13 x i8]* @p_str195)" [/home/yangyuan/下载/ReBNet/bnn/src/library/hls/slidingwindow.h:137]   --->   Operation 178 'specregionbegin' 'tmp_157' <Predicate = (!tmp_s & or_cond & tmp_156)> <Delay = 0.00>
ST_4 : Operation 179 [1/1] (2.47ns)   --->   "%tmp_158 = icmp eq i32 %current_block_write_3, 4" [/home/yangyuan/下载/ReBNet/bnn/src/library/hls/slidingwindow.h:141]   --->   Operation 179 'icmp' 'tmp_158' <Predicate = (!tmp_s & or_cond & tmp_156)> <Delay = 2.47> <Core = "Cmp">   --->   Core 25 'Cmp' <Latency = 0> <II = 1> <Delay = 2.47> <FuncUnit> <Opcode : 'icmp'> <InPorts = 2> <OutPorts = 1>
ST_4 : Operation 180 [1/1] (0.69ns)   --->   "%current_block_write_4 = select i1 %tmp_158, i32 0, i32 %current_block_write_3" [/home/yangyuan/下载/ReBNet/bnn/src/library/hls/slidingwindow.h:141]   --->   Operation 180 'select' 'current_block_write_4' <Predicate = (!tmp_s & or_cond & tmp_156)> <Delay = 0.69> <Core = "Sel">   --->   Core 26 'Sel' <Latency = 0> <II = 1> <Delay = 0.69> <FuncUnit> <Opcode : 'select'> <InPorts = 3> <OutPorts = 1>
ST_4 : Operation 181 [1/1] (0.00ns)   --->   "%empty_1216 = call i32 (...)* @_ssdm_op_SpecRegionEnd([13 x i8]* @p_str195, i32 %tmp_157)" [/home/yangyuan/下载/ReBNet/bnn/src/library/hls/slidingwindow.h:144]   --->   Operation 181 'specregionend' 'empty_1216' <Predicate = (!tmp_s & or_cond & tmp_156)> <Delay = 0.00>
ST_4 : Operation 182 [1/1] (1.81ns)   --->   "store i32 %current_block_write_4, i32* %current_block_write_s" [/home/yangyuan/下载/ReBNet/bnn/src/library/hls/slidingwindow.h:141]   --->   Operation 182 'store' <Predicate = (!tmp_s & or_cond & tmp_156)> <Delay = 1.81>
ST_4 : Operation 183 [1/1] (0.00ns)   --->   "br label %._crit_edge48.0" [/home/yangyuan/下载/ReBNet/bnn/src/library/hls/slidingwindow.h:144]   --->   Operation 183 'br' <Predicate = (!tmp_s & or_cond & tmp_156)> <Delay = 0.00>
ST_4 : Operation 184 [1/1] (0.00ns)   --->   "%current_block_write_25 = load i32* %current_block_write_s" [/home/yangyuan/下载/ReBNet/bnn/src/library/hls/slidingwindow.h:81]   --->   Operation 184 'load' 'current_block_write_25' <Predicate = (tmp_s)> <Delay = 0.00>
ST_4 : Operation 185 [1/1] (0.00ns)   --->   "%tmp_139 = zext i32 %current_line_1_load_16 to i64" [/home/yangyuan/下载/ReBNet/bnn/src/library/hls/slidingwindow.h:81]   --->   Operation 185 'zext' 'tmp_139' <Predicate = (tmp_s)> <Delay = 0.00>
ST_4 : Operation 186 [1/1] (0.00ns)   --->   "%tmp_1381 = trunc i32 %current_block_write_25 to i2" [/home/yangyuan/下载/ReBNet/bnn/src/library/hls/slidingwindow.h:81]   --->   Operation 186 'trunc' 'tmp_1381' <Predicate = (tmp_s)> <Delay = 0.00>
ST_4 : Operation 187 [1/1] (0.00ns)   --->   "%inputBuf_0_0_V_add = getelementptr [30 x i64]* %inputBuf_0_0_V, i64 0, i64 %tmp_139" [/home/yangyuan/下载/ReBNet/bnn/src/library/hls/slidingwindow.h:81]   --->   Operation 187 'getelementptr' 'inputBuf_0_0_V_add' <Predicate = (tmp_s)> <Delay = 0.00>
ST_4 : Operation 188 [1/1] (0.00ns)   --->   "%inputBuf_1_0_V_add = getelementptr [30 x i64]* %inputBuf_1_0_V, i64 0, i64 %tmp_139" [/home/yangyuan/下载/ReBNet/bnn/src/library/hls/slidingwindow.h:81]   --->   Operation 188 'getelementptr' 'inputBuf_1_0_V_add' <Predicate = (tmp_s)> <Delay = 0.00>
ST_4 : Operation 189 [1/1] (0.00ns)   --->   "%inputBuf_2_0_V_add = getelementptr [30 x i64]* %inputBuf_2_0_V, i64 0, i64 %tmp_139" [/home/yangyuan/下载/ReBNet/bnn/src/library/hls/slidingwindow.h:81]   --->   Operation 189 'getelementptr' 'inputBuf_2_0_V_add' <Predicate = (tmp_s)> <Delay = 0.00>
ST_4 : Operation 190 [1/1] (0.00ns)   --->   "%inputBuf_3_0_V_add = getelementptr [30 x i64]* %inputBuf_3_0_V, i64 0, i64 %tmp_139" [/home/yangyuan/下载/ReBNet/bnn/src/library/hls/slidingwindow.h:81]   --->   Operation 190 'getelementptr' 'inputBuf_3_0_V_add' <Predicate = (tmp_s)> <Delay = 0.00>
ST_4 : Operation 191 [1/1] (2.18ns)   --->   "%tmp_V_49 = call i64 @_ssdm_op_Read.ap_fifo.volatile.i64P(i64* %in_V_V)" [/home/yangyuan/下载/ReBNet/bnn/src/library/hls/slidingwindow.h:80]   --->   Operation 191 'read' 'tmp_V_49' <Predicate = (tmp_s)> <Delay = 2.18> <Core = "FIFO_SRL">   --->   Core 36 'FIFO_SRL' <Latency = 0> <II = 1> <Delay = 3.63> <Storage> <Opcode : 'read' 'write' 'nbread' 'nbwrite'> <Ports = 0> <Width = 64> <Depth = 0> <FIFO>
ST_4 : Operation 192 [1/1] (0.00ns)   --->   "%inputBuf_0_1_V_add = getelementptr [30 x i64]* %inputBuf_0_1_V, i64 0, i64 %tmp_139" [/home/yangyuan/下载/ReBNet/bnn/src/library/hls/slidingwindow.h:81]   --->   Operation 192 'getelementptr' 'inputBuf_0_1_V_add' <Predicate = (tmp_s)> <Delay = 0.00>
ST_4 : Operation 193 [1/1] (0.00ns)   --->   "%inputBuf_1_1_V_add = getelementptr [30 x i64]* %inputBuf_1_1_V, i64 0, i64 %tmp_139" [/home/yangyuan/下载/ReBNet/bnn/src/library/hls/slidingwindow.h:81]   --->   Operation 193 'getelementptr' 'inputBuf_1_1_V_add' <Predicate = (tmp_s)> <Delay = 0.00>
ST_4 : Operation 194 [1/1] (0.00ns)   --->   "%inputBuf_2_1_V_add = getelementptr [30 x i64]* %inputBuf_2_1_V, i64 0, i64 %tmp_139" [/home/yangyuan/下载/ReBNet/bnn/src/library/hls/slidingwindow.h:81]   --->   Operation 194 'getelementptr' 'inputBuf_2_1_V_add' <Predicate = (tmp_s)> <Delay = 0.00>
ST_4 : Operation 195 [1/1] (0.00ns)   --->   "%inputBuf_3_1_V_add = getelementptr [30 x i64]* %inputBuf_3_1_V, i64 0, i64 %tmp_139" [/home/yangyuan/下载/ReBNet/bnn/src/library/hls/slidingwindow.h:81]   --->   Operation 195 'getelementptr' 'inputBuf_3_1_V_add' <Predicate = (tmp_s)> <Delay = 0.00>
ST_4 : Operation 196 [1/1] (1.30ns)   --->   "switch i2 %tmp_1381, label %branch15 [
    i2 0, label %branch12
    i2 1, label %branch13
    i2 -2, label %branch14
  ]" [/home/yangyuan/下载/ReBNet/bnn/src/library/hls/slidingwindow.h:81]   --->   Operation 196 'switch' <Predicate = (tmp_s)> <Delay = 1.30>
ST_4 : Operation 197 [1/1] (2.32ns)   --->   "store i64 %tmp_V, i64* %inputBuf_2_0_V_add, align 8" [/home/yangyuan/下载/ReBNet/bnn/src/library/hls/slidingwindow.h:81]   --->   Operation 197 'store' <Predicate = (tmp_s & tmp_1381 == 2)> <Delay = 2.32> <Core = "RAM_2P">   --->   Core 40 'RAM_2P' <Latency = 1> <II = 1> <Delay = 2.32> <Storage> <Opcode : 'load' 'store'> <Ports = 2> <Width = 64> <Depth = 30> <RAM>
ST_4 : Operation 198 [1/1] (2.32ns)   --->   "store i64 %tmp_V, i64* %inputBuf_1_0_V_add, align 8" [/home/yangyuan/下载/ReBNet/bnn/src/library/hls/slidingwindow.h:81]   --->   Operation 198 'store' <Predicate = (tmp_s & tmp_1381 == 1)> <Delay = 2.32> <Core = "RAM_2P">   --->   Core 40 'RAM_2P' <Latency = 1> <II = 1> <Delay = 2.32> <Storage> <Opcode : 'load' 'store'> <Ports = 2> <Width = 64> <Depth = 30> <RAM>
ST_4 : Operation 199 [1/1] (2.32ns)   --->   "store i64 %tmp_V, i64* %inputBuf_0_0_V_add, align 8" [/home/yangyuan/下载/ReBNet/bnn/src/library/hls/slidingwindow.h:81]   --->   Operation 199 'store' <Predicate = (tmp_s & tmp_1381 == 0)> <Delay = 2.32> <Core = "RAM_2P">   --->   Core 40 'RAM_2P' <Latency = 1> <II = 1> <Delay = 2.32> <Storage> <Opcode : 'load' 'store'> <Ports = 2> <Width = 64> <Depth = 30> <RAM>
ST_4 : Operation 200 [1/1] (2.32ns)   --->   "store i64 %tmp_V, i64* %inputBuf_3_0_V_add, align 8" [/home/yangyuan/下载/ReBNet/bnn/src/library/hls/slidingwindow.h:81]   --->   Operation 200 'store' <Predicate = (tmp_s & tmp_1381 == 3)> <Delay = 2.32> <Core = "RAM_2P">   --->   Core 40 'RAM_2P' <Latency = 1> <II = 1> <Delay = 2.32> <Storage> <Opcode : 'load' 'store'> <Ports = 2> <Width = 64> <Depth = 30> <RAM>
ST_4 : Operation 201 [1/1] (2.47ns)   --->   "%tmp_148 = icmp eq i32 %current_block_write_1, 4" [/home/yangyuan/下载/ReBNet/bnn/src/library/hls/slidingwindow.h:89]   --->   Operation 201 'icmp' 'tmp_148' <Predicate = (tmp_s & tmp_146)> <Delay = 2.47> <Core = "Cmp">   --->   Core 25 'Cmp' <Latency = 0> <II = 1> <Delay = 2.47> <FuncUnit> <Opcode : 'icmp'> <InPorts = 2> <OutPorts = 1>
ST_4 : Operation 202 [1/1] (0.69ns)   --->   "%current_block_write_2 = select i1 %tmp_148, i32 0, i32 %current_block_write_1" [/home/yangyuan/下载/ReBNet/bnn/src/library/hls/slidingwindow.h:89]   --->   Operation 202 'select' 'current_block_write_2' <Predicate = (tmp_s & tmp_146)> <Delay = 0.69> <Core = "Sel">   --->   Core 26 'Sel' <Latency = 0> <II = 1> <Delay = 0.69> <FuncUnit> <Opcode : 'select'> <InPorts = 3> <OutPorts = 1>
ST_4 : Operation 203 [1/1] (1.81ns)   --->   "store i32 %current_block_write_2, i32* %current_block_write_s" [/home/yangyuan/下载/ReBNet/bnn/src/library/hls/slidingwindow.h:89]   --->   Operation 203 'store' <Predicate = (tmp_s & tmp_146)> <Delay = 1.81>
ST_4 : Operation 204 [1/1] (0.00ns)   --->   "br label %._crit_edge.0" [/home/yangyuan/下载/ReBNet/bnn/src/library/hls/slidingwindow.h:93]   --->   Operation 204 'br' <Predicate = (tmp_s & tmp_146)> <Delay = 0.00>

State 5 <SV = 4> <Delay = 4.14>
ST_5 : Operation 205 [1/1] (1.95ns)   --->   "%tmp_V_50 = call i64 @_ssdm_op_Mux.ap_auto.4i64.i2(i64 %inputBuf_0_0_V_loa, i64 %inputBuf_1_0_V_loa, i64 %inputBuf_2_0_V_loa, i64 %inputBuf_3_0_V_loa, i2 %tmp_143)" [/home/yangyuan/下载/ReBNet/bnn/src/library/hls/slidingwindow.h:105]   --->   Operation 205 'mux' 'tmp_V_50' <Predicate = (!tmp_s & tmp_140)> <Delay = 1.95> <Core = "MuxnS">   --->   Core 31 'MuxnS' <Latency = 0> <II = 1> <Delay = 1.95> <FuncUnit> <Opcode : 'mux'> <InPorts = 2> <OutPorts = 1>
ST_5 : Operation 206 [1/1] (2.18ns)   --->   "call void @_ssdm_op_Write.ap_fifo.volatile.i64P(i64* %out_V_V, i64 %tmp_V_50)" [/home/yangyuan/下载/ReBNet/bnn/src/library/hls/slidingwindow.h:106]   --->   Operation 206 'write' <Predicate = (!tmp_s & tmp_140)> <Delay = 2.18> <Core = "FIFO_SRL">   --->   Core 36 'FIFO_SRL' <Latency = 0> <II = 1> <Delay = 3.63> <Storage> <Opcode : 'read' 'write' 'nbread' 'nbwrite'> <Ports = 0> <Width = 64> <Depth = 0> <FIFO>
ST_5 : Operation 207 [1/2] (2.32ns)   --->   "%inputBuf_0_1_V_loa = load i64* %inputBuf_0_1_V_add_11, align 8" [/home/yangyuan/下载/ReBNet/bnn/src/library/hls/slidingwindow.h:105]   --->   Operation 207 'load' 'inputBuf_0_1_V_loa' <Predicate = (!tmp_s & tmp_140)> <Delay = 2.32> <Core = "RAM_2P">   --->   Core 40 'RAM_2P' <Latency = 1> <II = 1> <Delay = 2.32> <Storage> <Opcode : 'load' 'store'> <Ports = 2> <Width = 64> <Depth = 30> <RAM>
ST_5 : Operation 208 [1/2] (2.32ns)   --->   "%inputBuf_1_1_V_loa = load i64* %inputBuf_1_1_V_add_11, align 8" [/home/yangyuan/下载/ReBNet/bnn/src/library/hls/slidingwindow.h:105]   --->   Operation 208 'load' 'inputBuf_1_1_V_loa' <Predicate = (!tmp_s & tmp_140)> <Delay = 2.32> <Core = "RAM_2P">   --->   Core 40 'RAM_2P' <Latency = 1> <II = 1> <Delay = 2.32> <Storage> <Opcode : 'load' 'store'> <Ports = 2> <Width = 64> <Depth = 30> <RAM>
ST_5 : Operation 209 [1/2] (2.32ns)   --->   "%inputBuf_2_1_V_loa = load i64* %inputBuf_2_1_V_add_11, align 8" [/home/yangyuan/下载/ReBNet/bnn/src/library/hls/slidingwindow.h:105]   --->   Operation 209 'load' 'inputBuf_2_1_V_loa' <Predicate = (!tmp_s & tmp_140)> <Delay = 2.32> <Core = "RAM_2P">   --->   Core 40 'RAM_2P' <Latency = 1> <II = 1> <Delay = 2.32> <Storage> <Opcode : 'load' 'store'> <Ports = 2> <Width = 64> <Depth = 30> <RAM>
ST_5 : Operation 210 [1/2] (2.32ns)   --->   "%inputBuf_3_1_V_loa = load i64* %inputBuf_3_1_V_add_11, align 8" [/home/yangyuan/下载/ReBNet/bnn/src/library/hls/slidingwindow.h:105]   --->   Operation 210 'load' 'inputBuf_3_1_V_loa' <Predicate = (!tmp_s & tmp_140)> <Delay = 2.32> <Core = "RAM_2P">   --->   Core 40 'RAM_2P' <Latency = 1> <II = 1> <Delay = 2.32> <Storage> <Opcode : 'load' 'store'> <Ports = 2> <Width = 64> <Depth = 30> <RAM>
ST_5 : Operation 211 [1/1] (2.32ns)   --->   "store i64 %tmp_V_53, i64* %inputBuf_2_1_V_add_12, align 8" [/home/yangyuan/下载/ReBNet/bnn/src/library/hls/slidingwindow.h:132]   --->   Operation 211 'store' <Predicate = (!tmp_s & or_cond & tmp_1384 == 2)> <Delay = 2.32> <Core = "RAM_2P">   --->   Core 40 'RAM_2P' <Latency = 1> <II = 1> <Delay = 2.32> <Storage> <Opcode : 'load' 'store'> <Ports = 2> <Width = 64> <Depth = 30> <RAM>
ST_5 : Operation 212 [1/1] (0.00ns)   --->   "br label %.preheader.preheader.016"   --->   Operation 212 'br' <Predicate = (!tmp_s & or_cond & tmp_1384 == 2)> <Delay = 0.00>
ST_5 : Operation 213 [1/1] (2.32ns)   --->   "store i64 %tmp_V_53, i64* %inputBuf_1_1_V_add_12, align 8" [/home/yangyuan/下载/ReBNet/bnn/src/library/hls/slidingwindow.h:132]   --->   Operation 213 'store' <Predicate = (!tmp_s & or_cond & tmp_1384 == 1)> <Delay = 2.32> <Core = "RAM_2P">   --->   Core 40 'RAM_2P' <Latency = 1> <II = 1> <Delay = 2.32> <Storage> <Opcode : 'load' 'store'> <Ports = 2> <Width = 64> <Depth = 30> <RAM>
ST_5 : Operation 214 [1/1] (0.00ns)   --->   "br label %.preheader.preheader.016"   --->   Operation 214 'br' <Predicate = (!tmp_s & or_cond & tmp_1384 == 1)> <Delay = 0.00>
ST_5 : Operation 215 [1/1] (2.32ns)   --->   "store i64 %tmp_V_53, i64* %inputBuf_0_1_V_add_12, align 8" [/home/yangyuan/下载/ReBNet/bnn/src/library/hls/slidingwindow.h:132]   --->   Operation 215 'store' <Predicate = (!tmp_s & or_cond & tmp_1384 == 0)> <Delay = 2.32> <Core = "RAM_2P">   --->   Core 40 'RAM_2P' <Latency = 1> <II = 1> <Delay = 2.32> <Storage> <Opcode : 'load' 'store'> <Ports = 2> <Width = 64> <Depth = 30> <RAM>
ST_5 : Operation 216 [1/1] (0.00ns)   --->   "br label %.preheader.preheader.016"   --->   Operation 216 'br' <Predicate = (!tmp_s & or_cond & tmp_1384 == 0)> <Delay = 0.00>
ST_5 : Operation 217 [1/1] (2.32ns)   --->   "store i64 %tmp_V_53, i64* %inputBuf_3_1_V_add_12, align 8" [/home/yangyuan/下载/ReBNet/bnn/src/library/hls/slidingwindow.h:132]   --->   Operation 217 'store' <Predicate = (!tmp_s & or_cond & tmp_1384 == 3)> <Delay = 2.32> <Core = "RAM_2P">   --->   Core 40 'RAM_2P' <Latency = 1> <II = 1> <Delay = 2.32> <Storage> <Opcode : 'load' 'store'> <Ports = 2> <Width = 64> <Depth = 30> <RAM>
ST_5 : Operation 218 [1/1] (0.00ns)   --->   "br label %.preheader.preheader.016"   --->   Operation 218 'br' <Predicate = (!tmp_s & or_cond & tmp_1384 == 3)> <Delay = 0.00>
ST_5 : Operation 219 [1/1] (2.32ns)   --->   "store i64 %tmp_V_49, i64* %inputBuf_2_1_V_add, align 8" [/home/yangyuan/下载/ReBNet/bnn/src/library/hls/slidingwindow.h:81]   --->   Operation 219 'store' <Predicate = (tmp_s & tmp_1381 == 2)> <Delay = 2.32> <Core = "RAM_2P">   --->   Core 40 'RAM_2P' <Latency = 1> <II = 1> <Delay = 2.32> <Storage> <Opcode : 'load' 'store'> <Ports = 2> <Width = 64> <Depth = 30> <RAM>
ST_5 : Operation 220 [1/1] (0.00ns)   --->   "br label %.preheader41.preheader.039"   --->   Operation 220 'br' <Predicate = (tmp_s & tmp_1381 == 2)> <Delay = 0.00>
ST_5 : Operation 221 [1/1] (2.32ns)   --->   "store i64 %tmp_V_49, i64* %inputBuf_1_1_V_add, align 8" [/home/yangyuan/下载/ReBNet/bnn/src/library/hls/slidingwindow.h:81]   --->   Operation 221 'store' <Predicate = (tmp_s & tmp_1381 == 1)> <Delay = 2.32> <Core = "RAM_2P">   --->   Core 40 'RAM_2P' <Latency = 1> <II = 1> <Delay = 2.32> <Storage> <Opcode : 'load' 'store'> <Ports = 2> <Width = 64> <Depth = 30> <RAM>
ST_5 : Operation 222 [1/1] (0.00ns)   --->   "br label %.preheader41.preheader.039"   --->   Operation 222 'br' <Predicate = (tmp_s & tmp_1381 == 1)> <Delay = 0.00>
ST_5 : Operation 223 [1/1] (2.32ns)   --->   "store i64 %tmp_V_49, i64* %inputBuf_0_1_V_add, align 8" [/home/yangyuan/下载/ReBNet/bnn/src/library/hls/slidingwindow.h:81]   --->   Operation 223 'store' <Predicate = (tmp_s & tmp_1381 == 0)> <Delay = 2.32> <Core = "RAM_2P">   --->   Core 40 'RAM_2P' <Latency = 1> <II = 1> <Delay = 2.32> <Storage> <Opcode : 'load' 'store'> <Ports = 2> <Width = 64> <Depth = 30> <RAM>
ST_5 : Operation 224 [1/1] (0.00ns)   --->   "br label %.preheader41.preheader.039"   --->   Operation 224 'br' <Predicate = (tmp_s & tmp_1381 == 0)> <Delay = 0.00>
ST_5 : Operation 225 [1/1] (2.32ns)   --->   "store i64 %tmp_V_49, i64* %inputBuf_3_1_V_add, align 8" [/home/yangyuan/下载/ReBNet/bnn/src/library/hls/slidingwindow.h:81]   --->   Operation 225 'store' <Predicate = (tmp_s & tmp_1381 == 3)> <Delay = 2.32> <Core = "RAM_2P">   --->   Core 40 'RAM_2P' <Latency = 1> <II = 1> <Delay = 2.32> <Storage> <Opcode : 'load' 'store'> <Ports = 2> <Width = 64> <Depth = 30> <RAM>
ST_5 : Operation 226 [1/1] (0.00ns)   --->   "br label %.preheader41.preheader.039"   --->   Operation 226 'br' <Predicate = (tmp_s & tmp_1381 == 3)> <Delay = 0.00>

State 6 <SV = 5> <Delay = 4.14>
ST_6 : Operation 227 [1/1] (1.95ns)   --->   "%tmp_V_51 = call i64 @_ssdm_op_Mux.ap_auto.4i64.i2(i64 %inputBuf_0_1_V_loa, i64 %inputBuf_1_1_V_loa, i64 %inputBuf_2_1_V_loa, i64 %inputBuf_3_1_V_loa, i2 %tmp_143)" [/home/yangyuan/下载/ReBNet/bnn/src/library/hls/slidingwindow.h:105]   --->   Operation 227 'mux' 'tmp_V_51' <Predicate = (!tmp_s & tmp_140)> <Delay = 1.95> <Core = "MuxnS">   --->   Core 31 'MuxnS' <Latency = 0> <II = 1> <Delay = 1.95> <FuncUnit> <Opcode : 'mux'> <InPorts = 2> <OutPorts = 1>
ST_6 : Operation 228 [1/1] (2.18ns)   --->   "call void @_ssdm_op_Write.ap_fifo.volatile.i64P(i64* %out_V_V, i64 %tmp_V_51)" [/home/yangyuan/下载/ReBNet/bnn/src/library/hls/slidingwindow.h:106]   --->   Operation 228 'write' <Predicate = (!tmp_s & tmp_140)> <Delay = 2.18> <Core = "FIFO_SRL">   --->   Core 36 'FIFO_SRL' <Latency = 0> <II = 1> <Delay = 3.63> <Storage> <Opcode : 'read' 'write' 'nbread' 'nbwrite'> <Ports = 0> <Width = 64> <Depth = 0> <FIFO>

State 7 <SV = 2> <Delay = 0.00>
ST_7 : Operation 229 [1/1] (0.00ns)   --->   "ret void" [/home/yangyuan/下载/ReBNet/bnn/src/library/hls/slidingwindow.h:155]   --->   Operation 229 'ret' <Predicate = true> <Delay = 0.00>


============================================================
+ Verbose Summary: Timing violations
============================================================
Target clock period: 5ns, clock uncertainty: 0.625ns.

 <State 1>: 1.81ns
The critical path consists of the following:
	'alloca' operation ('inp_s') [6]  (0 ns)
	'store' operation of constant 0 on local variable 'inp_s' [28]  (1.81 ns)

 <State 2>: 6.98ns
The critical path consists of the following:
	'load' operation ('k_y_1_load', /home/yangyuan/下载/ReBNet/bnn/src/library/hls/slidingwindow.h:99) on local variable 'k_y_1' [51]  (0 ns)
	'add' operation ('k_y_2', /home/yangyuan/下载/ReBNet/bnn/src/library/hls/slidingwindow.h:99) [55]  (2.55 ns)
	'icmp' operation ('tmp_147', /home/yangyuan/下载/ReBNet/bnn/src/library/hls/slidingwindow.h:112) [88]  (2.47 ns)
	blocking operation 1.96 ns on control path)

 <State 3>: 4.94ns
The critical path consists of the following:
	'icmp' operation ('tmp_159', /home/yangyuan/下载/ReBNet/bnn/src/library/hls/slidingwindow.h:147) [183]  (2.47 ns)
	'select' operation ('p_s', /home/yangyuan/下载/ReBNet/bnn/src/library/hls/slidingwindow.h:147) [184]  (0.698 ns)
	'store' operation (/home/yangyuan/下载/ReBNet/bnn/src/library/hls/slidingwindow.h:147) of variable 'p_s', /home/yangyuan/下载/ReBNet/bnn/src/library/hls/slidingwindow.h:147 on local variable 'counter_internal_blo' [185]  (1.77 ns)

 <State 4>: 4.99ns
The critical path consists of the following:
	'icmp' operation ('tmp_158', /home/yangyuan/下载/ReBNet/bnn/src/library/hls/slidingwindow.h:141) [173]  (2.47 ns)
	'select' operation ('current_block_write_4', /home/yangyuan/下载/ReBNet/bnn/src/library/hls/slidingwindow.h:141) [174]  (0.698 ns)
	'store' operation (/home/yangyuan/下载/ReBNet/bnn/src/library/hls/slidingwindow.h:141) of variable 'current_block_write_4', /home/yangyuan/下载/ReBNet/bnn/src/library/hls/slidingwindow.h:141 on local variable 'current_block_write_s' [177]  (1.81 ns)

 <State 5>: 4.15ns
The critical path consists of the following:
	'mux' operation ('tmp.V', /home/yangyuan/下载/ReBNet/bnn/src/library/hls/slidingwindow.h:105) [69]  (1.96 ns)
	fifo write on port 'out_V_V' (/home/yangyuan/下载/ReBNet/bnn/src/library/hls/slidingwindow.h:106) [70]  (2.19 ns)

 <State 6>: 4.15ns
The critical path consists of the following:
	'mux' operation ('tmp.V', /home/yangyuan/下载/ReBNet/bnn/src/library/hls/slidingwindow.h:105) [79]  (1.96 ns)
	fifo write on port 'out_V_V' (/home/yangyuan/下载/ReBNet/bnn/src/library/hls/slidingwindow.h:106) [80]  (2.19 ns)

 <State 7>: 0ns
The critical path consists of the following:


============================================================
+ Verbose Summary: Binding
============================================================
N/A
* FSMD analyzer results:
  - Output states:
 - Input state : 
  - Chain level:
	State 1
	State 2
	State 3
	State 4
	State 5
	State 6
	State 7


============================================================
+ Verbose Summary: Datapath Resource usage 
============================================================
N/A
