

================================================================
== Vivado HLS Report for 'StreamingDataWidthCo_1'
================================================================
* Date:           Tue Jul  7 16:23:34 2020

* Version:        2018.3 (Build 2405991 on Thu Dec 06 23:56:15 MST 2018)
* Project:        CIFAR10
* Solution:       sol1
* Product family: zynq
* Target device:  xc7z020clg400-1


================================================================
== Performance Estimates
================================================================
+ Timing (ns): 
    * Summary: 
    +--------+-------+----------+------------+
    |  Clock | Target| Estimated| Uncertainty|
    +--------+-------+----------+------------+
    |ap_clk  |   5.00|     5.025|        0.62|
    +--------+-------+----------+------------+

+ Latency (clock cycles): 
    * Summary: 
    +-----+-----+-----+-----+---------+
    |  Latency  |  Interval | Pipeline|
    | min | max | min | max |   Type  |
    +-----+-----+-----+-----+---------+
    |  386|  386|  386|  386|   none  |
    +-----+-----+-----+-----+---------+

    + Detail: 
        * Instance: 
        N/A

        * Loop: 
        +----------+-----+-----+----------+-----------+-----------+------+----------+
        |          |  Latency  | Iteration|  Initiation Interval  | Trip |          |
        | Loop Name| min | max |  Latency |  achieved |   target  | Count| Pipelined|
        +----------+-----+-----+----------+-----------+-----------+------+----------+
        |- Loop 1  |  384|  384|         2|          1|          1|   384|    yes   |
        +----------+-----+-----+----------+-----------+-----------+------+----------+

============================================================
+ Verbose Summary: Synthesis Manager
============================================================
InlineROM: 1
ExposeGlobal: 0
============================================================
+ Verbose Summary: CDFG Model
============================================================
IsTopModel: 0
ResetActiveHigh: 1
IsCombinational: 2
IsDatapathOnly: 0
HasWiredReturn: 1
HasMFsm: 0
HasVarLatency: 1
IsPipeline: 0
IsRtlPipelined: 0
IsInstanceOverlapped: 0
IsDontTouch: 0
HasImplIP: 0
IsGatedGlobalClock: 0

+ Individual pipeline summary: 
  * Pipeline-0: initiation interval (II) = 1, depth = 2


============================================================
+ Verbose Summary: Schedule
============================================================
* Number of FSM states : 4
* Pipeline : 1
  Pipeline-0 : II = 1, D = 2, States = { 2 3 }
* Dataflow Pipeline: 0

* FSM state transitions: 
1 --> 
	2  / true
2 --> 
	4  / (exitcond)
	3  / (!exitcond)
3 --> 
	2  / true
4 --> 

* FSM state operations: 

State 1 <SV = 0> <Delay = 1.76>
ST_1 : Operation 5 [1/1] (0.00ns)   --->   "%i = alloca i32"   --->   Operation 5 'alloca' 'i' <Predicate = true> <Delay = 0.00>
ST_1 : Operation 6 [1/1] (0.00ns)   --->   "call void (...)* @_ssdm_op_SpecInterface(i192* %out_V_V, [8 x i8]* @ap_fifo_str, i32 0, i32 0, [1 x i8]* @p_str, i32 0, i32 0, [1 x i8]* @p_str, [1 x i8]* @p_str, [1 x i8]* @p_str, i32 2, i32 2, i32 16, i32 16, [1 x i8]* @p_str, [1 x i8]* @p_str)"   --->   Operation 6 'specinterface' <Predicate = true> <Delay = 0.00>
ST_1 : Operation 7 [1/1] (0.00ns)   --->   "call void (...)* @_ssdm_op_SpecInterface(i64* %in_V_V, [8 x i8]* @ap_fifo_str, i32 0, i32 0, [1 x i8]* @p_str, i32 0, i32 0, [1 x i8]* @p_str, [1 x i8]* @p_str, [1 x i8]* @p_str, i32 2, i32 2, i32 16, i32 16, [1 x i8]* @p_str, [1 x i8]* @p_str)"   --->   Operation 7 'specinterface' <Predicate = true> <Delay = 0.00>
ST_1 : Operation 8 [1/1] (1.76ns)   --->   "store i32 0, i32* %i"   --->   Operation 8 'store' <Predicate = true> <Delay = 1.76>
ST_1 : Operation 9 [1/1] (1.76ns)   --->   "br label %1" [/home/yangyuan/下载/ReBNet/bnn/src/library/hls/streamtools.h:135]   --->   Operation 9 'br' <Predicate = true> <Delay = 1.76>

State 2 <SV = 1> <Delay = 5.02>
ST_2 : Operation 10 [1/1] (0.00ns)   --->   "%r_V = phi i128 [ 0, %0 ], [ %phitmp_cast, %._crit_edge ]" [/home/yangyuan/下载/ReBNet/bnn/src/library/hls/streamtools.h:135]   --->   Operation 10 'phi' 'r_V' <Predicate = true> <Delay = 0.00>
ST_2 : Operation 11 [1/1] (0.00ns)   --->   "%t = phi i9 [ 0, %0 ], [ %t_1, %._crit_edge ]"   --->   Operation 11 'phi' 't' <Predicate = true> <Delay = 0.00>
ST_2 : Operation 12 [1/1] (1.66ns)   --->   "%exitcond = icmp eq i9 %t, -128" [/home/yangyuan/下载/ReBNet/bnn/src/library/hls/streamtools.h:135]   --->   Operation 12 'icmp' 'exitcond' <Predicate = true> <Delay = 1.66> <Core = "Cmp">   --->   Core 25 'Cmp' <Latency = 0> <II = 1> <Delay = 2.47> <FuncUnit> <Opcode : 'icmp'> <InPorts = 2> <OutPorts = 1>
ST_2 : Operation 13 [1/1] (0.00ns)   --->   "%empty = call i32 (...)* @_ssdm_op_SpecLoopTripCount(i64 384, i64 384, i64 384)"   --->   Operation 13 'speclooptripcount' 'empty' <Predicate = true> <Delay = 0.00>
ST_2 : Operation 14 [1/1] (1.82ns)   --->   "%t_1 = add i9 %t, 1" [/home/yangyuan/下载/ReBNet/bnn/src/library/hls/streamtools.h:135]   --->   Operation 14 'add' 't_1' <Predicate = true> <Delay = 1.82> <Core = "AddSub">   --->   Core 14 'AddSub' <Latency = 0> <II = 1> <Delay = 2.55> <FuncUnit> <Opcode : 'add' 'sub'> <InPorts = 2> <OutPorts = 1>
ST_2 : Operation 15 [1/1] (0.00ns)   --->   "br i1 %exitcond, label %4, label %2" [/home/yangyuan/下载/ReBNet/bnn/src/library/hls/streamtools.h:135]   --->   Operation 15 'br' <Predicate = true> <Delay = 0.00>
ST_2 : Operation 16 [1/1] (0.00ns)   --->   "%i_load = load i32* %i" [/home/yangyuan/下载/ReBNet/bnn/src/library/hls/streamtools.h:142]   --->   Operation 16 'load' 'i_load' <Predicate = (!exitcond)> <Delay = 0.00>
ST_2 : Operation 17 [1/1] (2.55ns)   --->   "%i_4 = add i32 %i_load, 1" [/home/yangyuan/下载/ReBNet/bnn/src/library/hls/streamtools.h:142]   --->   Operation 17 'add' 'i_4' <Predicate = (!exitcond)> <Delay = 2.55> <Core = "AddSub">   --->   Core 14 'AddSub' <Latency = 0> <II = 1> <Delay = 2.55> <FuncUnit> <Opcode : 'add' 'sub'> <InPorts = 2> <OutPorts = 1>
ST_2 : Operation 18 [1/1] (2.47ns)   --->   "%tmp = icmp eq i32 %i_4, 3" [/home/yangyuan/下载/ReBNet/bnn/src/library/hls/streamtools.h:144]   --->   Operation 18 'icmp' 'tmp' <Predicate = (!exitcond)> <Delay = 2.47> <Core = "Cmp">   --->   Core 25 'Cmp' <Latency = 0> <II = 1> <Delay = 2.47> <FuncUnit> <Opcode : 'icmp'> <InPorts = 2> <OutPorts = 1>
ST_2 : Operation 19 [1/1] (0.00ns)   --->   "br i1 %tmp, label %3, label %.._crit_edge_crit_edge" [/home/yangyuan/下载/ReBNet/bnn/src/library/hls/streamtools.h:144]   --->   Operation 19 'br' <Predicate = (!exitcond)> <Delay = 0.00>
ST_2 : Operation 20 [1/1] (1.76ns)   --->   "store i32 %i_4, i32* %i" [/home/yangyuan/下载/ReBNet/bnn/src/library/hls/streamtools.h:142]   --->   Operation 20 'store' <Predicate = (!exitcond & !tmp)> <Delay = 1.76>
ST_2 : Operation 21 [1/1] (1.76ns)   --->   "store i32 0, i32* %i"   --->   Operation 21 'store' <Predicate = (!exitcond & tmp)> <Delay = 1.76>

State 3 <SV = 2> <Delay = 4.37>
ST_3 : Operation 22 [1/1] (0.00ns)   --->   "%tmp_s = call i32 (...)* @_ssdm_op_SpecRegionBegin([12 x i8]* @p_str211)" [/home/yangyuan/下载/ReBNet/bnn/src/library/hls/streamtools.h:135]   --->   Operation 22 'specregionbegin' 'tmp_s' <Predicate = (!exitcond)> <Delay = 0.00>
ST_3 : Operation 23 [1/1] (0.00ns)   --->   "call void (...)* @_ssdm_op_SpecPipeline(i32 1, i32 1, i32 1, i32 0, [1 x i8]* @p_str) nounwind" [/home/yangyuan/下载/ReBNet/bnn/src/library/hls/streamtools.h:136]   --->   Operation 23 'specpipeline' <Predicate = (!exitcond)> <Delay = 0.00>
ST_3 : Operation 24 [1/1] (2.18ns)   --->   "%tmp_V = call i64 @_ssdm_op_Read.ap_fifo.volatile.i64P(i64* %in_V_V)" [/home/yangyuan/下载/ReBNet/bnn/src/library/hls/streamtools.h:138]   --->   Operation 24 'read' 'tmp_V' <Predicate = (!exitcond)> <Delay = 2.18> <Core = "FIFO_SRL">   --->   Core 36 'FIFO_SRL' <Latency = 0> <II = 1> <Delay = 3.63> <Storage> <Opcode : 'read' 'write' 'nbread' 'nbwrite'> <Ports = 0> <Width = 192> <Depth = 0> <FIFO>
ST_3 : Operation 25 [1/1] (0.00ns)   --->   "%p_Result_s = call i192 @_ssdm_op_BitConcatenate.i192.i64.i128(i64 %tmp_V, i128 %r_V)" [/home/yangyuan/下载/ReBNet/bnn/src/library/hls/streamtools.h:140]   --->   Operation 25 'bitconcatenate' 'p_Result_s' <Predicate = (!exitcond)> <Delay = 0.00>
ST_3 : Operation 26 [1/1] (0.00ns)   --->   "br label %._crit_edge" [/home/yangyuan/下载/ReBNet/bnn/src/library/hls/streamtools.h:144]   --->   Operation 26 'br' <Predicate = (!tmp)> <Delay = 0.00>
ST_3 : Operation 27 [1/1] (2.18ns)   --->   "call void @_ssdm_op_Write.ap_fifo.volatile.i192P(i192* %out_V_V, i192 %p_Result_s)" [/home/yangyuan/下载/ReBNet/bnn/src/library/hls/streamtools.h:146]   --->   Operation 27 'write' <Predicate = (tmp)> <Delay = 2.18> <Core = "FIFO_SRL">   --->   Core 36 'FIFO_SRL' <Latency = 0> <II = 1> <Delay = 3.63> <Storage> <Opcode : 'read' 'write' 'nbread' 'nbwrite'> <Ports = 0> <Width = 192> <Depth = 0> <FIFO>
ST_3 : Operation 28 [1/1] (0.00ns)   --->   "br label %._crit_edge" [/home/yangyuan/下载/ReBNet/bnn/src/library/hls/streamtools.h:147]   --->   Operation 28 'br' <Predicate = (tmp)> <Delay = 0.00>
ST_3 : Operation 29 [1/1] (0.00ns)   --->   "%empty_1189 = call i32 (...)* @_ssdm_op_SpecRegionEnd([12 x i8]* @p_str211, i32 %tmp_s)" [/home/yangyuan/下载/ReBNet/bnn/src/library/hls/streamtools.h:148]   --->   Operation 29 'specregionend' 'empty_1189' <Predicate = (!exitcond)> <Delay = 0.00>
ST_3 : Operation 30 [1/1] (0.00ns)   --->   "%tmp_136 = call i64 @_ssdm_op_PartSelect.i64.i128.i32.i32(i128 %r_V, i32 64, i32 127)" [/home/yangyuan/下载/ReBNet/bnn/src/library/hls/streamtools.h:135]   --->   Operation 30 'partselect' 'tmp_136' <Predicate = (!exitcond)> <Delay = 0.00>
ST_3 : Operation 31 [1/1] (0.00ns)   --->   "%phitmp_cast = call i128 @_ssdm_op_BitConcatenate.i128.i64.i64(i64 %tmp_V, i64 %tmp_136)" [/home/yangyuan/下载/ReBNet/bnn/src/library/hls/streamtools.h:135]   --->   Operation 31 'bitconcatenate' 'phitmp_cast' <Predicate = (!exitcond)> <Delay = 0.00>
ST_3 : Operation 32 [1/1] (0.00ns)   --->   "br label %1" [/home/yangyuan/下载/ReBNet/bnn/src/library/hls/streamtools.h:135]   --->   Operation 32 'br' <Predicate = (!exitcond)> <Delay = 0.00>

State 4 <SV = 2> <Delay = 0.00>
ST_4 : Operation 33 [1/1] (0.00ns)   --->   "ret void" [/home/yangyuan/下载/ReBNet/bnn/src/library/hls/streamtools.h:150]   --->   Operation 33 'ret' <Predicate = true> <Delay = 0.00>


============================================================
+ Verbose Summary: Timing violations
============================================================
Target clock period: 5ns, clock uncertainty: 0.625ns.

 <State 1>: 1.77ns
The critical path consists of the following:
	'alloca' operation ('i') [3]  (0 ns)
	'store' operation of constant 0 on local variable 'i' [6]  (1.77 ns)

 <State 2>: 5.03ns
The critical path consists of the following:
	'load' operation ('i_load', /home/yangyuan/下载/ReBNet/bnn/src/library/hls/streamtools.h:142) on local variable 'i' [16]  (0 ns)
	'add' operation ('i', /home/yangyuan/下载/ReBNet/bnn/src/library/hls/streamtools.h:142) [21]  (2.55 ns)
	'icmp' operation ('tmp', /home/yangyuan/下载/ReBNet/bnn/src/library/hls/streamtools.h:144) [22]  (2.47 ns)

 <State 3>: 4.38ns
The critical path consists of the following:
	fifo read on port 'in_V_V' (/home/yangyuan/下载/ReBNet/bnn/src/library/hls/streamtools.h:138) [19]  (2.19 ns)
	fifo write on port 'out_V_V' (/home/yangyuan/下载/ReBNet/bnn/src/library/hls/streamtools.h:146) [28]  (2.19 ns)

 <State 4>: 0ns
The critical path consists of the following:


============================================================
+ Verbose Summary: Binding
============================================================
N/A
* FSMD analyzer results:
  - Output states:
 - Input state : 
  - Chain level:
	State 1
	State 2
	State 3
	State 4


============================================================
+ Verbose Summary: Datapath Resource usage 
============================================================
N/A
