

================================================================
== Vivado HLS Report for 'Stream2Mem_Batch'
================================================================
* Date:           Tue Jul  7 16:25:09 2020

* Version:        2018.3 (Build 2405991 on Thu Dec 06 23:56:15 MST 2018)
* Project:        CIFAR10
* Solution:       sol1
* Product family: zynq
* Target device:  xc7z020clg400-1


================================================================
== Performance Estimates
================================================================
+ Timing (ns): 
    * Summary: 
    +--------+-------+----------+------------+
    |  Clock | Target| Estimated| Uncertainty|
    +--------+-------+----------+------------+
    |ap_clk  |   5.00|     4.375|        0.62|
    +--------+-------+----------+------------+

+ Latency (clock cycles): 
    * Summary: 
    +-----+-----+-----+-----+---------+
    |  Latency  |  Interval | Pipeline|
    | min | max | min | max |   Type  |
    +-----+-----+-----+-----+---------+
    |   25|   25|   25|   25|   none  |
    +-----+-----+-----+-----+---------+

    + Detail: 
        * Instance: 
        +----------------------+------------+-----+-----+-----+-----+---------+
        |                      |            |  Latency  |  Interval | Pipeline|
        |       Instance       |   Module   | min | max | min | max |   Type  |
        +----------------------+------------+-----+-----+-----+-----+---------+
        |grp_Stream2Mem_fu_38  |Stream2Mem  |   23|   23|   23|   23|   none  |
        +----------------------+------------+-----+-----+-----+-----+---------+

        * Loop: 
        N/A

============================================================
+ Verbose Summary: Synthesis Manager
============================================================
InlineROM: 1
ExposeGlobal: 0
============================================================
+ Verbose Summary: CDFG Model
============================================================
IsTopModel: 0
ResetActiveHigh: 1
IsCombinational: 2
IsDatapathOnly: 0
HasWiredReturn: 1
HasMFsm: 0
HasVarLatency: 1
IsPipeline: 0
IsRtlPipelined: 0
IsInstanceOverlapped: 0
IsDontTouch: 0
HasImplIP: 0
IsGatedGlobalClock: 0


============================================================
+ Verbose Summary: Schedule
============================================================
* Number of FSM states : 3
* Pipeline : 0
* Dataflow Pipeline: 0

* FSM state transitions: 
1 --> 
	2  / true
2 --> 
	3  / true
3 --> 

* FSM state operations: 

State 1 <SV = 0> <Delay = 2.18>
ST_1 : Operation 4 [1/1] (2.18ns)   --->   "%out_V_offset_read = call i61 @_ssdm_op_Read.ap_fifo.i61P(i61* %out_V_offset)"   --->   Operation 4 'read' 'out_V_offset_read' <Predicate = true> <Delay = 2.18> <Core = "FIFO_SRL">   --->   Core 36 'FIFO_SRL' <Latency = 0> <II = 1> <Delay = 3.63> <Storage> <Opcode : 'read' 'write' 'nbread' 'nbwrite'> <Ports = 0> <Width = 61> <Depth = 0> <FIFO>

State 2 <SV = 1> <Delay = 4.37>
ST_2 : Operation 5 [2/2] (4.37ns)   --->   "call fastcc void @Stream2Mem(i64* %memOutStrm_V_V, i64* %in_V, i61 %out_V_offset_read)" [/home/yangyuan/下载/ReBNet/bnn/src/library/hls/dma.h:129->/home/yangyuan/下载/ReBNet/bnn/src/network/CIFAR10/hw/top.cpp:285]   --->   Operation 5 'call' <Predicate = true> <Delay = 4.37> <CoreType = "Generic">   --->   Core 0 '' <Latency = 0> <II = 1> <Delay = 1.00> <Generic> <Opcode : >

State 3 <SV = 2> <Delay = 0.00>
ST_3 : Operation 6 [1/1] (0.00ns)   --->   "call void (...)* @_ssdm_op_SpecInterface(i64* %memOutStrm_V_V, [8 x i8]* @ap_fifo_str, i32 0, i32 0, [1 x i8]* @p_str, i32 0, i32 0, [1 x i8]* @p_str, [1 x i8]* @p_str, [1 x i8]* @p_str, i32 2, i32 2, i32 16, i32 16, [1 x i8]* @p_str, [1 x i8]* @p_str)"   --->   Operation 6 'specinterface' <Predicate = true> <Delay = 0.00>
ST_3 : Operation 7 [1/1] (0.00ns)   --->   "call void (...)* @_ssdm_op_SpecInterface(i64* %in_V, [6 x i8]* @p_str59, i32 0, i32 0, [1 x i8]* @p_str, i32 0, i32 256, [8 x i8]* @p_str60, [6 x i8]* @p_str61, [1 x i8]* @p_str, i32 16, i32 16, i32 16, i32 16, [1 x i8]* @p_str, [1 x i8]* @p_str)"   --->   Operation 7 'specinterface' <Predicate = true> <Delay = 0.00>
ST_3 : Operation 8 [1/1] (0.00ns)   --->   "call void (...)* @_ssdm_op_SpecInterface(i61* %out_V_offset, [8 x i8]* @ap_fifo_str, i32 0, i32 0, [1 x i8]* @p_str, i32 0, i32 0, [1 x i8]* @p_str, [1 x i8]* @p_str, [1 x i8]* @p_str, i32 2, i32 2, i32 16, i32 16, [1 x i8]* @p_str, [11 x i8]* @ScalarProp_str)"   --->   Operation 8 'specinterface' <Predicate = true> <Delay = 0.00>
ST_3 : Operation 9 [1/1] (0.00ns)   --->   "call void (...)* @_ssdm_op_SpecInterface(i64* %memOutStrm_V_V, [8 x i8]* @ap_fifo_str, i32 0, i32 0, [1 x i8]* @p_str, i32 0, i32 0, [1 x i8]* @p_str, [1 x i8]* @p_str, [1 x i8]* @p_str, i32 2, i32 2, i32 16, i32 16, [1 x i8]* @p_str, [1 x i8]* @p_str)"   --->   Operation 9 'specinterface' <Predicate = true> <Delay = 0.00>
ST_3 : Operation 10 [1/1] (0.00ns)   --->   "call void (...)* @_ssdm_op_SpecInterface(i64* %in_V, [6 x i8]* @p_str59, i32 0, i32 0, [1 x i8]* @p_str, i32 0, i32 256, [8 x i8]* @p_str60, [6 x i8]* @p_str61, [1 x i8]* @p_str, i32 16, i32 16, i32 16, i32 16, [1 x i8]* @p_str, [1 x i8]* @p_str)"   --->   Operation 10 'specinterface' <Predicate = true> <Delay = 0.00>
ST_3 : Operation 11 [1/2] (0.00ns)   --->   "call fastcc void @Stream2Mem(i64* %memOutStrm_V_V, i64* %in_V, i61 %out_V_offset_read)" [/home/yangyuan/下载/ReBNet/bnn/src/library/hls/dma.h:129->/home/yangyuan/下载/ReBNet/bnn/src/network/CIFAR10/hw/top.cpp:285]   --->   Operation 11 'call' <Predicate = true> <Delay = 0.00> <CoreType = "Generic">   --->   Core 0 '' <Latency = 0> <II = 1> <Delay = 1.00> <Generic> <Opcode : >
ST_3 : Operation 12 [1/1] (0.00ns)   --->   "ret void"   --->   Operation 12 'ret' <Predicate = true> <Delay = 0.00>


============================================================
+ Verbose Summary: Binding
============================================================
STG Binding: 
---------------- STG Properties BEGIN ----------------
- Is combinational: 0
- Is one-state seq: 0
- Is datapath-only: 0
- Is pipelined: 0
- Is top level: 0
Port [ Return ] is wired: 1; IO mode=ap_ctrl_hs:ce=0
Port [ memOutStrm_V_V]:  wired=1; compound=1; hidden=0; nouse=0; global=0; static=0; extern=0; dir=0; type=3; pingpong=0; private_global=0; IO mode=ap_fifo:ce=0
Port [ in_V]:  wired=1; compound=1; hidden=0; nouse=0; global=0; static=0; extern=0; dir=1; type=4; pingpong=0; private_global=0; IO mode=m_axi:ce=0
Port [ out_V_offset]:  wired=1; compound=1; hidden=0; nouse=0; global=0; static=0; extern=0; dir=0; type=3; pingpong=0; private_global=0; IO mode=ap_fifo:ce=0
---------------- STG Properties END ------------------

---------------- Datapath Model BEGIN ----------------

<LifeTime>
<method=bitvector/>
out_V_offset_read (read         ) [ 0011]
StgValue_6        (specinterface) [ 0000]
StgValue_7        (specinterface) [ 0000]
StgValue_8        (specinterface) [ 0000]
StgValue_9        (specinterface) [ 0000]
StgValue_10       (specinterface) [ 0000]
StgValue_11       (call         ) [ 0000]
StgValue_12       (ret          ) [ 0000]
</LifeTime>

<model>

<comp_list>
<comp id="0" class="1000" name="memOutStrm_V_V">
<pin_list>
<pin id="1" dir="1" index="0" bw="1" slack="0"/>
</pin_list>
<bind>
<StgValue><ssdm name="memOutStrm_V_V"/></StgValue>
</bind>
</comp>

<comp id="2" class="1000" name="in_V">
<pin_list>
<pin id="3" dir="1" index="0" bw="1" slack="0"/>
</pin_list>
<bind>
<StgValue><ssdm name="in_V"/></StgValue>
</bind>
</comp>

<comp id="4" class="1000" name="out_V_offset">
<pin_list>
<pin id="5" dir="1" index="0" bw="1" slack="0"/>
</pin_list>
<bind>
<StgValue><ssdm name="out_V_offset"/></StgValue>
</bind>
</comp>

<comp id="6" class="1001" name="const_6">
<pin_list>
<pin id="7" dir="1" index="0" bw="1" slack="0"/>
</pin_list>
<bind>
<StgValue><ssdm name="_ssdm_op_Read.ap_fifo.i61P"/></StgValue>
</bind>
</comp>

<comp id="8" class="1001" name="const_8">
<pin_list>
<pin id="9" dir="1" index="0" bw="1" slack="0"/>
</pin_list>
<bind>
<StgValue><ssdm name="Stream2Mem"/></StgValue>
</bind>
</comp>

<comp id="10" class="1001" name="const_10">
<pin_list>
<pin id="11" dir="1" index="0" bw="1" slack="2147483647"/>
</pin_list>
<bind>
<StgValue><ssdm name="_ssdm_op_SpecInterface"/></StgValue>
</bind>
</comp>

<comp id="12" class="1001" name="const_12">
<pin_list>
<pin id="13" dir="1" index="0" bw="1" slack="2147483647"/>
</pin_list>
<bind>
<StgValue><ssdm name="ap_fifo_str"/></StgValue>
</bind>
</comp>

<comp id="14" class="1001" name="const_14">
<pin_list>
<pin id="15" dir="1" index="0" bw="1" slack="2147483647"/>
</pin_list>
<bind>
<StgValue><ssdm name=""/></StgValue>
</bind>
</comp>

<comp id="16" class="1001" name="const_16">
<pin_list>
<pin id="17" dir="1" index="0" bw="1" slack="2147483647"/>
</pin_list>
<bind>
<StgValue><ssdm name="p_str"/></StgValue>
</bind>
</comp>

<comp id="18" class="1001" name="const_18">
<pin_list>
<pin id="19" dir="1" index="0" bw="1" slack="2147483647"/>
</pin_list>
<bind>
<StgValue><ssdm name=""/></StgValue>
</bind>
</comp>

<comp id="20" class="1001" name="const_20">
<pin_list>
<pin id="21" dir="1" index="0" bw="1" slack="2147483647"/>
</pin_list>
<bind>
<StgValue><ssdm name=""/></StgValue>
</bind>
</comp>

<comp id="22" class="1001" name="const_22">
<pin_list>
<pin id="23" dir="1" index="0" bw="1" slack="2147483647"/>
</pin_list>
<bind>
<StgValue><ssdm name="p_str59"/></StgValue>
</bind>
</comp>

<comp id="24" class="1001" name="const_24">
<pin_list>
<pin id="25" dir="1" index="0" bw="1" slack="2147483647"/>
</pin_list>
<bind>
<StgValue><ssdm name=""/></StgValue>
</bind>
</comp>

<comp id="26" class="1001" name="const_26">
<pin_list>
<pin id="27" dir="1" index="0" bw="1" slack="2147483647"/>
</pin_list>
<bind>
<StgValue><ssdm name="p_str60"/></StgValue>
</bind>
</comp>

<comp id="28" class="1001" name="const_28">
<pin_list>
<pin id="29" dir="1" index="0" bw="1" slack="2147483647"/>
</pin_list>
<bind>
<StgValue><ssdm name="p_str61"/></StgValue>
</bind>
</comp>

<comp id="30" class="1001" name="const_30">
<pin_list>
<pin id="31" dir="1" index="0" bw="1" slack="2147483647"/>
</pin_list>
<bind>
<StgValue><ssdm name="ScalarProp_str"/></StgValue>
</bind>
</comp>

<comp id="32" class="1004" name="out_V_offset_read_read_fu_32">
<pin_list>
<pin id="33" dir="0" index="0" bw="61" slack="0"/>
<pin id="34" dir="0" index="1" bw="61" slack="0"/>
<pin id="35" dir="1" index="2" bw="61" slack="1"/>
</pin_list>
<bind>
<opcode="read(1150) " fcode="read"/>
<opset="out_V_offset_read/1 "/>
</bind>
</comp>

<comp id="38" class="1004" name="grp_Stream2Mem_fu_38">
<pin_list>
<pin id="39" dir="0" index="0" bw="0" slack="0"/>
<pin id="40" dir="0" index="1" bw="64" slack="0"/>
<pin id="41" dir="0" index="2" bw="64" slack="0"/>
<pin id="42" dir="0" index="3" bw="61" slack="1"/>
<pin id="43" dir="1" index="4" bw="0" slack="2147483647"/>
</pin_list>
<bind>
<opcode="call(48) " fcode="call"/>
<opset="StgValue_5/2 "/>
</bind>
</comp>

<comp id="47" class="1005" name="out_V_offset_read_reg_47">
<pin_list>
<pin id="48" dir="0" index="0" bw="61" slack="1"/>
<pin id="49" dir="1" index="1" bw="61" slack="1"/>
</pin_list>
<bind>
<opset="out_V_offset_read "/>
</bind>
</comp>

</comp_list>

<net_list>
<net id="36"><net_src comp="6" pin="0"/><net_sink comp="32" pin=0"/></net>

<net id="37"><net_src comp="4" pin="0"/><net_sink comp="32" pin=1"/></net>

<net id="44"><net_src comp="8" pin="0"/><net_sink comp="38" pin=0"/></net>

<net id="45"><net_src comp="0" pin="0"/><net_sink comp="38" pin=1"/></net>

<net id="46"><net_src comp="2" pin="0"/><net_sink comp="38" pin=2"/></net>

<net id="50"><net_src comp="32" pin="2"/><net_sink comp="47" pin=0"/></net>

<net id="51"><net_src comp="47" pin="1"/><net_sink comp="38" pin=3"/></net>

</net_list>

</model> 
---------------- Datapath Model END ------------------

* FSMD analyzer results:
  - Output states:
	Port: in_V | {2 3 }
 - Input state : 
	Port: Stream2Mem_Batch : memOutStrm_V_V | {2 3 }
	Port: Stream2Mem_Batch : out_V_offset | {1 }
  - Chain level:
	State 1
	State 2
	State 3


============================================================
+ Verbose Summary: Datapath Resource usage 
============================================================

* Functional unit list:
|----------|------------------------------|---------|---------|---------|
| Operation|        Functional Unit       |  Delay  |    FF   |   LUT   |
|----------|------------------------------|---------|---------|---------|
|   call   |     grp_Stream2Mem_fu_38     |  3.538  |   139   |    35   |
|----------|------------------------------|---------|---------|---------|
|   read   | out_V_offset_read_read_fu_32 |    0    |    0    |    0    |
|----------|------------------------------|---------|---------|---------|
|   Total  |                              |  3.538  |   139   |    35   |
|----------|------------------------------|---------|---------|---------|

Memories:
N/A

* Register list:
+------------------------+--------+
|                        |   FF   |
+------------------------+--------+
|out_V_offset_read_reg_47|   61   |
+------------------------+--------+
|          Total         |   61   |
+------------------------+--------+

* Multiplexer (MUX) list: 
|--------|------|------|------|--------|
|  Comp  |  Pin | Size |  BW  | S x BW |
|--------|------|------|------|--------|
|  Total |      |      |      |    0   |
|--------|------|------|------|--------|



* Summary:
+-----------+--------+--------+--------+
|           |  Delay |   FF   |   LUT  |
+-----------+--------+--------+--------+
|  Function |    3   |   139  |   35   |
|   Memory  |    -   |    -   |    -   |
|Multiplexer|    -   |    -   |    -   |
|  Register |    -   |   61   |    -   |
+-----------+--------+--------+--------+
|   Total   |    3   |   200  |   35   |
+-----------+--------+--------+--------+
