

================================================================
== Vivado HLS Report for 'NaivePopCount'
================================================================
* Date:           Tue Jul  7 16:26:39 2020

* Version:        2018.3 (Build 2405991 on Thu Dec 06 23:56:15 MST 2018)
* Project:        CIFAR10
* Solution:       sol1
* Product family: zynq
* Target device:  xc7z020clg400-1


================================================================
== Performance Estimates
================================================================
+ Timing (ns): 
    * Summary: 
    +--------+-------+----------+------------+
    |  Clock | Target| Estimated| Uncertainty|
    +--------+-------+----------+------------+
    |ap_clk  |   5.00|     4.343|        0.62|
    +--------+-------+----------+------------+

+ Latency (clock cycles): 
    * Summary: 
    +-----+-----+-----+-----+----------+
    |  Latency  |  Interval | Pipeline |
    | min | max | min | max |   Type   |
    +-----+-----+-----+-----+----------+
    |    5|    5|    1|    1| function |
    +-----+-----+-----+-----+----------+

    + Detail: 
        * Instance: 
        N/A

        * Loop: 
        N/A



================================================================
== Utilization Estimates
================================================================
* Summary: 
+-----------------+---------+-------+--------+-------+
|       Name      | BRAM_18K| DSP48E|   FF   |  LUT  |
+-----------------+---------+-------+--------+-------+
|DSP              |        -|      -|       -|      -|
|Expression       |        -|      -|       0|    264|
|FIFO             |        -|      -|       -|      -|
|Instance         |        -|      -|       -|      -|
|Memory           |        -|      -|       -|      -|
|Multiplexer      |        -|      -|       -|      9|
|Register         |        0|      -|     350|    128|
+-----------------+---------+-------+--------+-------+
|Total            |        0|      0|     350|    401|
+-----------------+---------+-------+--------+-------+
|Available        |      280|    220|  106400|  53200|
+-----------------+---------+-------+--------+-------+
|Utilization (%)  |        0|      0|   ~0   |   ~0  |
+-----------------+---------+-------+--------+-------+

+ Detail: 
    * Instance: 
    N/A

    * DSP48: 
    N/A

    * Memory: 
    N/A

    * FIFO: 
    N/A

    * Expression: 
    +------------------------+----------+-------+---+----+------------+------------+
    |      Variable Name     | Operation| DSP48E| FF| LUT| Bitwidth P0| Bitwidth P1|
    +------------------------+----------+-------+---+----+------------+------------+
    |agg_result_V_fu_713_p2  |     +    |      0|  0|  15|           7|           7|
    |pct_V_s_fu_699_p2       |     +    |      0|  0|  15|           6|           6|
    |tmp10_fu_282_p2         |     +    |      0|  0|   5|           2|           2|
    |tmp11_fu_679_p2         |     +    |      0|  0|   5|           5|           5|
    |tmp12_fu_670_p2         |     +    |      0|  0|   5|           5|           5|
    |tmp13_fu_661_p2         |     +    |      0|  0|   5|           5|           5|
    |tmp14_fu_649_p2         |     +    |      0|  0|  10|           2|           2|
    |tmp15_fu_504_p2         |     +    |      0|  0|  12|           3|           3|
    |tmp16_fu_484_p2         |     +    |      0|  0|  10|           2|           2|
    |tmp17_fu_494_p2         |     +    |      0|  0|  10|           2|           2|
    |tmp18_fu_620_p2         |     +    |      0|  0|  13|           4|           4|
    |tmp19_fu_530_p2         |     +    |      0|  0|  12|           3|           3|
    |tmp1_fu_574_p2          |     +    |      0|  0|   5|           3|           3|
    |tmp20_fu_510_p2         |     +    |      0|  0|  10|           2|           2|
    |tmp21_fu_520_p2         |     +    |      0|  0|  10|           2|           2|
    |tmp22_fu_562_p2         |     +    |      0|  0|  12|           3|           3|
    |tmp23_fu_536_p2         |     +    |      0|  0|  10|           2|           2|
    |tmp24_fu_552_p2         |     +    |      0|  0|   5|           2|           2|
    |tmp25_fu_546_p2         |     +    |      0|  0|   5|           2|           2|
    |tmp2_fu_182_p2          |     +    |      0|  0|   5|           2|           2|
    |tmp3_fu_176_p2          |     +    |      0|  0|   5|           2|           2|
    |tmp4_fu_629_p2          |     +    |      0|  0|   5|           4|           4|
    |tmp5_fu_602_p2          |     +    |      0|  0|  13|           4|           4|
    |tmp6_fu_608_p2          |     +    |      0|  0|  10|           2|           2|
    |tmp7_fu_298_p2          |     +    |      0|  0|  12|           3|           3|
    |tmp8_fu_272_p2          |     +    |      0|  0|  10|           2|           2|
    |tmp9_fu_288_p2          |     +    |      0|  0|   5|           2|           2|
    |tmp_211_fu_126_p2       |     +    |      0|  0|   5|           2|           2|
    |tmp_212_fu_583_p2       |     +    |      0|  0|   5|           3|           3|
    |tmp_213_fu_637_p2       |     +    |      0|  0|   5|           4|           4|
    |tmp_214_fu_687_p2       |     +    |      0|  0|   5|           5|           5|
    |tmp_fu_120_p2           |     +    |      0|  0|   5|           2|           2|
    +------------------------+----------+-------+---+----+------------+------------+
    |Total                   |          |      0|  0| 264|          99|          99|
    +------------------------+----------+-------+---+----+------------+------------+

    * Multiplexer: 
    +-----------+----+-----------+-----+-----------+
    |    Name   | LUT| Input Size| Bits| Total Bits|
    +-----------+----+-----------+-----+-----------+
    |ap_return  |   9|          2|    6|         12|
    +-----------+----+-----------+-----+-----------+
    |Total      |   9|          2|    6|         12|
    +-----------+----+-----------+-----+-----------+

    * Register: 
    +--------------------------------+----+----+-----+-----------+
    |              Name              | FF | LUT| Bits| Const Bits|
    +--------------------------------+----+----+-----+-----------+
    |ap_ce_reg                       |   1|   0|    1|          0|
    |ap_return_int_reg               |   6|   0|    7|          1|
    |in_V_read_int_reg               |  32|   0|   32|          0|
    |tmp12_reg_814                   |   5|   0|    5|          0|
    |tmp14_reg_809                   |   2|   0|    2|          0|
    |tmp15_reg_774                   |   3|   0|    3|          0|
    |tmp18_reg_799                   |   4|   0|    4|          0|
    |tmp19_reg_779                   |   3|   0|    3|          0|
    |tmp22_reg_784                   |   3|   0|    3|          0|
    |tmp2_reg_734                    |   2|   0|    2|          0|
    |tmp5_reg_789                    |   4|   0|    4|          0|
    |tmp6_reg_794                    |   2|   0|    2|          0|
    |tmp7_reg_754                    |   3|   0|    3|          0|
    |tmp7_reg_754_pp0_iter1_reg      |   3|   0|    3|          0|
    |tmp_1404_reg_719                |   1|   0|    1|          0|
    |tmp_1408_reg_729                |   1|   0|    1|          0|
    |tmp_1409_reg_739                |   1|   0|    1|          0|
    |tmp_1410_reg_744                |   1|   0|    1|          0|
    |tmp_1416_reg_749                |   1|   0|    1|          0|
    |tmp_1417_reg_759                |   1|   0|    1|          0|
    |tmp_1417_reg_759_pp0_iter1_reg  |   1|   0|    1|          0|
    |tmp_1418_reg_764                |   1|   0|    1|          0|
    |tmp_1418_reg_764_pp0_iter1_reg  |   1|   0|    1|          0|
    |tmp_1432_reg_769                |   1|   0|    1|          0|
    |tmp_211_reg_724                 |   2|   0|    2|          0|
    |tmp_213_reg_804                 |   4|   0|    4|          0|
    |tmp_214_reg_819                 |   5|   0|    5|          0|
    |tmp15_reg_774                   |  64|  32|    3|          0|
    |tmp18_reg_799                   |  64|  32|    4|          0|
    |tmp_1416_reg_749                |  64|  32|    1|          0|
    |tmp_1432_reg_769                |  64|  32|    1|          0|
    +--------------------------------+----+----+-----+-----------+
    |Total                           | 350| 128|  104|          1|
    +--------------------------------+----+----+-----+-----------+



================================================================
== Interface
================================================================
* Summary: 
+-----------+-----+-----+------------+---------------+--------------+
| RTL Ports | Dir | Bits|  Protocol  | Source Object |    C Type    |
+-----------+-----+-----+------------+---------------+--------------+
|ap_clk     |  in |    1| ap_ctrl_hs | NaivePopCount | return value |
|ap_rst     |  in |    1| ap_ctrl_hs | NaivePopCount | return value |
|ap_return  | out |    7| ap_ctrl_hs | NaivePopCount | return value |
|ap_ce      |  in |    1| ap_ctrl_hs | NaivePopCount | return value |
|in_V_read  |  in |   32|   ap_none  |   in_V_read   |    scalar    |
+-----------+-----+-----+------------+---------------+--------------+

