

================================================================
== Vivado HLS Report for 'StreamingDataWidthCo_1'
================================================================
* Date:           Tue Jul  7 16:26:28 2020

* Version:        2018.3 (Build 2405991 on Thu Dec 06 23:56:15 MST 2018)
* Project:        CIFAR10
* Solution:       sol1
* Product family: zynq
* Target device:  xc7z020clg400-1


================================================================
== Performance Estimates
================================================================
+ Timing (ns): 
    * Summary: 
    +--------+-------+----------+------------+
    |  Clock | Target| Estimated| Uncertainty|
    +--------+-------+----------+------------+
    |ap_clk  |   5.00|     5.025|        0.62|
    +--------+-------+----------+------------+

+ Latency (clock cycles): 
    * Summary: 
    +-----+-----+-----+-----+---------+
    |  Latency  |  Interval | Pipeline|
    | min | max | min | max |   Type  |
    +-----+-----+-----+-----+---------+
    |  386|  386|  386|  386|   none  |
    +-----+-----+-----+-----+---------+

    + Detail: 
        * Instance: 
        N/A

        * Loop: 
        +----------+-----+-----+----------+-----------+-----------+------+----------+
        |          |  Latency  | Iteration|  Initiation Interval  | Trip |          |
        | Loop Name| min | max |  Latency |  achieved |   target  | Count| Pipelined|
        +----------+-----+-----+----------+-----------+-----------+------+----------+
        |- Loop 1  |  384|  384|         2|          1|          1|   384|    yes   |
        +----------+-----+-----+----------+-----------+-----------+------+----------+



================================================================
== Utilization Estimates
================================================================
* Summary: 
+-----------------+---------+-------+--------+-------+
|       Name      | BRAM_18K| DSP48E|   FF   |  LUT  |
+-----------------+---------+-------+--------+-------+
|DSP              |        -|      -|       -|      -|
|Expression       |        -|      -|       0|     95|
|FIFO             |        -|      -|       -|      -|
|Instance         |        -|      -|       -|      -|
|Memory           |        -|      -|       -|      -|
|Multiplexer      |        -|      -|       -|     99|
|Register         |        -|      -|     178|      -|
+-----------------+---------+-------+--------+-------+
|Total            |        0|      0|     178|    194|
+-----------------+---------+-------+--------+-------+
|Available        |      280|    220|  106400|  53200|
+-----------------+---------+-------+--------+-------+
|Utilization (%)  |        0|      0|   ~0   |   ~0  |
+-----------------+---------+-------+--------+-------+

+ Detail: 
    * Instance: 
    N/A

    * DSP48: 
    N/A

    * Memory: 
    N/A

    * FIFO: 
    N/A

    * Expression: 
    +----------------------------------+----------+-------+---+----+------------+------------+
    |           Variable Name          | Operation| DSP48E| FF| LUT| Bitwidth P0| Bitwidth P1|
    +----------------------------------+----------+-------+---+----+------------+------------+
    |i_4_fu_114_p2                     |     +    |      0|  0|  39|          32|           1|
    |t_1_fu_105_p2                     |     +    |      0|  0|  15|           9|           1|
    |ap_block_pp0_stage0_01001         |    and   |      0|  0|   2|           1|           1|
    |exitcond_fu_99_p2                 |   icmp   |      0|  0|  13|           9|           9|
    |tmp_fu_120_p2                     |   icmp   |      0|  0|  18|          32|           2|
    |ap_block_state1                   |    or    |      0|  0|   2|           1|           1|
    |ap_block_state3_pp0_stage0_iter1  |    or    |      0|  0|   2|           1|           1|
    |ap_enable_pp0                     |    xor   |      0|  0|   2|           1|           2|
    |ap_enable_reg_pp0_iter1           |    xor   |      0|  0|   2|           2|           1|
    +----------------------------------+----------+-------+---+----+------------+------------+
    |Total                             |          |      0|  0|  95|          88|          19|
    +----------------------------------+----------+-------+---+----+------------+------------+

    * Multiplexer: 
    +-------------------------+----+-----------+-----+-----------+
    |           Name          | LUT| Input Size| Bits| Total Bits|
    +-------------------------+----+-----------+-----+-----------+
    |ap_NS_fsm                |  21|          4|    1|          4|
    |ap_done                  |   9|          2|    1|          2|
    |ap_enable_reg_pp0_iter1  |  15|          3|    1|          3|
    |i_fu_54                  |   9|          2|   32|         64|
    |in_V_V_blk_n             |   9|          2|    1|          2|
    |out_V_V_blk_n            |   9|          2|    1|          2|
    |r_V_reg_71               |   9|          2|  128|        256|
    |real_start               |   9|          2|    1|          2|
    |t_reg_83                 |   9|          2|    9|         18|
    +-------------------------+----+-----------+-----+-----------+
    |Total                    |  99|         21|  175|        353|
    +-------------------------+----+-----------+-----+-----------+

    * Register: 
    +-------------------------+-----+----+-----+-----------+
    |           Name          |  FF | LUT| Bits| Const Bits|
    +-------------------------+-----+----+-----+-----------+
    |ap_CS_fsm                |    3|   0|    3|          0|
    |ap_done_reg              |    1|   0|    1|          0|
    |ap_enable_reg_pp0_iter0  |    1|   0|    1|          0|
    |ap_enable_reg_pp0_iter1  |    1|   0|    1|          0|
    |exitcond_reg_165         |    1|   0|    1|          0|
    |i_fu_54                  |   32|   0|   32|          0|
    |r_V_reg_71               |  128|   0|  128|          0|
    |start_once_reg           |    1|   0|    1|          0|
    |t_reg_83                 |    9|   0|    9|          0|
    |tmp_reg_174              |    1|   0|    1|          0|
    +-------------------------+-----+----+-----+-----------+
    |Total                    |  178|   0|  178|          0|
    +-------------------------+-----+----+-----+-----------+



================================================================
== Interface
================================================================
* Summary: 
+----------------+-----+-----+------------+------------------------+--------------+
|    RTL Ports   | Dir | Bits|  Protocol  |      Source Object     |    C Type    |
+----------------+-----+-----+------------+------------------------+--------------+
|ap_clk          |  in |    1| ap_ctrl_hs | StreamingDataWidthCo.1 | return value |
|ap_rst          |  in |    1| ap_ctrl_hs | StreamingDataWidthCo.1 | return value |
|ap_start        |  in |    1| ap_ctrl_hs | StreamingDataWidthCo.1 | return value |
|start_full_n    |  in |    1| ap_ctrl_hs | StreamingDataWidthCo.1 | return value |
|ap_done         | out |    1| ap_ctrl_hs | StreamingDataWidthCo.1 | return value |
|ap_continue     |  in |    1| ap_ctrl_hs | StreamingDataWidthCo.1 | return value |
|ap_idle         | out |    1| ap_ctrl_hs | StreamingDataWidthCo.1 | return value |
|ap_ready        | out |    1| ap_ctrl_hs | StreamingDataWidthCo.1 | return value |
|start_out       | out |    1| ap_ctrl_hs | StreamingDataWidthCo.1 | return value |
|start_write     | out |    1| ap_ctrl_hs | StreamingDataWidthCo.1 | return value |
|in_V_V_dout     |  in |   64|   ap_fifo  |         in_V_V         |    pointer   |
|in_V_V_empty_n  |  in |    1|   ap_fifo  |         in_V_V         |    pointer   |
|in_V_V_read     | out |    1|   ap_fifo  |         in_V_V         |    pointer   |
|out_V_V_din     | out |  192|   ap_fifo  |         out_V_V        |    pointer   |
|out_V_V_full_n  |  in |    1|   ap_fifo  |         out_V_V        |    pointer   |
|out_V_V_write   | out |    1|   ap_fifo  |         out_V_V        |    pointer   |
+----------------+-----+-----+------------+------------------------+--------------+

